Mplus VERSION 8.4 (Mac)
MUTHEN & MUTHEN
03/31/2020   5:00 PM

INPUT INSTRUCTIONS

  TITLE: THE STRUCTURE OF LOCOMO25
  DATA:
      FILE = "../Locomo25.dat";
  VARIABLE:
       NAMES = ID Age Sex Q1-Q25 Total;
       USEVARIABLES = Q1-Q25;
       MISSING=.;
  ANALYSIS:
      ESTIMATOR = ML;

  MODEL:
        Body_pain   BY Q1  Q2  Q3  Q4 Q5 Q25;
        Mov_diff    BY Q5  Q6  Q7   Q8  Q9  Q10  Q11 Q12 Q13 Q14 Q15;
        Soci_Act    BY Q7  Q12  Q13  Q14 Q15  Q16  Q17 Q18  Q19  Q20
                        Q21  Q22  Q23;
        Cognit      BY Q24  Q25;
        Soc_act_cog BY Soci_Act Cognit;
         Q1 with Q2;
         Q1 with Q8;
         Q6 with Q14;
        Q3 with Q25;
        Q12 with Q11;
        Q13 with Q12;
        Q14 with Q19;
        Q17 with Q20;
        Q19 with Q20;
        Q21 with Q13;
        Q21 with Q23;
        Q22 with Q23;
        Q18 with Q22;


  OUTPUT: STANDARDIZED;
          MODINDICES;
          TECH4;



INPUT READING TERMINATED NORMALLY



THE STRUCTURE OF LOCOMO25

SUMMARY OF ANALYSIS

Number of groups                                                 1
Number of observations                                         500

Number of dependent variables                                   25
Number of independent variables                                  0
Number of continuous latent variables                            5

Observed dependent variables

  Continuous
   Q1          Q2          Q3          Q4          Q5          Q6
   Q7          Q8          Q9          Q10         Q11         Q12
   Q13         Q14         Q15         Q16         Q17         Q18
   Q19         Q20         Q21         Q22         Q23         Q24
   Q25

Continuous latent variables
   BODY_PAI    MOV_DIFF    SOCI_ACT    COGNIT      SOC_ACT_


Estimator                                                       ML
Information matrix                                        OBSERVED
Maximum number of iterations                                  1000
Convergence criterion                                    0.500D-04
Maximum number of steepest descent iterations                   20
Maximum number of iterations for H1                           2000
Convergence criterion for H1                             0.100D-03

Input data file(s)
  ../Locomo25.dat

Input data format  FREE


SUMMARY OF DATA

     Number of missing data patterns             1


COVARIANCE COVERAGE OF DATA

Minimum covariance coverage value   0.100


     PROPORTION OF DATA PRESENT


           Covariance Coverage
              Q1            Q2            Q3            Q4            Q5
              ________      ________      ________      ________      ________
 Q1             1.000
 Q2             1.000         1.000
 Q3             1.000         1.000         1.000
 Q4             1.000         1.000         1.000         1.000
 Q5             1.000         1.000         1.000         1.000         1.000
 Q6             1.000         1.000         1.000         1.000         1.000
 Q7             1.000         1.000         1.000         1.000         1.000
 Q8             1.000         1.000         1.000         1.000         1.000
 Q9             1.000         1.000         1.000         1.000         1.000
 Q10            1.000         1.000         1.000         1.000         1.000
 Q11            1.000         1.000         1.000         1.000         1.000
 Q12            1.000         1.000         1.000         1.000         1.000
 Q13            1.000         1.000         1.000         1.000         1.000
 Q14            1.000         1.000         1.000         1.000         1.000
 Q15            1.000         1.000         1.000         1.000         1.000
 Q16            1.000         1.000         1.000         1.000         1.000
 Q17            1.000         1.000         1.000         1.000         1.000
 Q18            1.000         1.000         1.000         1.000         1.000
 Q19            1.000         1.000         1.000         1.000         1.000
 Q20            1.000         1.000         1.000         1.000         1.000
 Q21            1.000         1.000         1.000         1.000         1.000
 Q22            1.000         1.000         1.000         1.000         1.000
 Q23            1.000         1.000         1.000         1.000         1.000
 Q24            1.000         1.000         1.000         1.000         1.000
 Q25            1.000         1.000         1.000         1.000         1.000


           Covariance Coverage
              Q6            Q7            Q8            Q9            Q10
              ________      ________      ________      ________      ________
 Q6             1.000
 Q7             1.000         1.000
 Q8             1.000         1.000         1.000
 Q9             1.000         1.000         1.000         1.000
 Q10            1.000         1.000         1.000         1.000         1.000
 Q11            1.000         1.000         1.000         1.000         1.000
 Q12            1.000         1.000         1.000         1.000         1.000
 Q13            1.000         1.000         1.000         1.000         1.000
 Q14            1.000         1.000         1.000         1.000         1.000
 Q15            1.000         1.000         1.000         1.000         1.000
 Q16            1.000         1.000         1.000         1.000         1.000
 Q17            1.000         1.000         1.000         1.000         1.000
 Q18            1.000         1.000         1.000         1.000         1.000
 Q19            1.000         1.000         1.000         1.000         1.000
 Q20            1.000         1.000         1.000         1.000         1.000
 Q21            1.000         1.000         1.000         1.000         1.000
 Q22            1.000         1.000         1.000         1.000         1.000
 Q23            1.000         1.000         1.000         1.000         1.000
 Q24            1.000         1.000         1.000         1.000         1.000
 Q25            1.000         1.000         1.000         1.000         1.000


           Covariance Coverage
              Q11           Q12           Q13           Q14           Q15
              ________      ________      ________      ________      ________
 Q11            1.000
 Q12            1.000         1.000
 Q13            1.000         1.000         1.000
 Q14            1.000         1.000         1.000         1.000
 Q15            1.000         1.000         1.000         1.000         1.000
 Q16            1.000         1.000         1.000         1.000         1.000
 Q17            1.000         1.000         1.000         1.000         1.000
 Q18            1.000         1.000         1.000         1.000         1.000
 Q19            1.000         1.000         1.000         1.000         1.000
 Q20            1.000         1.000         1.000         1.000         1.000
 Q21            1.000         1.000         1.000         1.000         1.000
 Q22            1.000         1.000         1.000         1.000         1.000
 Q23            1.000         1.000         1.000         1.000         1.000
 Q24            1.000         1.000         1.000         1.000         1.000
 Q25            1.000         1.000         1.000         1.000         1.000


           Covariance Coverage
              Q16           Q17           Q18           Q19           Q20
              ________      ________      ________      ________      ________
 Q16            1.000
 Q17            1.000         1.000
 Q18            1.000         1.000         1.000
 Q19            1.000         1.000         1.000         1.000
 Q20            1.000         1.000         1.000         1.000         1.000
 Q21            1.000         1.000         1.000         1.000         1.000
 Q22            1.000         1.000         1.000         1.000         1.000
 Q23            1.000         1.000         1.000         1.000         1.000
 Q24            1.000         1.000         1.000         1.000         1.000
 Q25            1.000         1.000         1.000         1.000         1.000


           Covariance Coverage
              Q21           Q22           Q23           Q24           Q25
              ________      ________      ________      ________      ________
 Q21            1.000
 Q22            1.000         1.000
 Q23            1.000         1.000         1.000
 Q24            1.000         1.000         1.000         1.000
 Q25            1.000         1.000         1.000         1.000         1.000



UNIVARIATE SAMPLE STATISTICS


     UNIVARIATE HIGHER-ORDER MOMENT DESCRIPTIVE STATISTICS

         Variable/         Mean/     Skewness/   Minimum/ % with                Percentiles
        Sample Size      Variance    Kurtosis    Maximum  Min/Max      20%/60%    40%/80%    Median

     Q1                    1.390       0.424       0.000   26.20%       0.000      1.000      1.000
             500.000       1.290      -0.754       4.000    3.60%       2.000      2.000
     Q2                    1.332       0.473       0.000   28.20%       0.000      1.000      1.000
             500.000       1.282      -0.762       4.000    3.00%       1.000      2.000
     Q3                    1.360       0.566       0.000   27.20%       0.000      1.000      1.000
             500.000       1.342      -0.545       4.000    5.20%       1.000      2.000
     Q4                    1.212       0.508       0.000   30.80%       0.000      1.000      1.000
             500.000       1.139      -0.750       4.000    1.20%       1.000      2.000
     Q5                    0.668       1.408       0.000   56.40%       0.000      0.000      0.000
             500.000       0.850       1.424       4.000    1.00%       1.000      1.000
     Q6                    0.594       1.331       0.000   60.20%       0.000      0.000      0.000
             500.000       0.721       0.979       4.000    0.20%       0.000      1.000
     Q7                    0.502       1.556       0.000   66.00%       0.000      0.000      0.000
             500.000       0.642       1.727       4.000    0.20%       0.000      1.000
     Q8                    0.348       1.952       0.000   75.20%       0.000      0.000      0.000
             500.000       0.455       3.133       3.000    1.40%       0.000      1.000
     Q9                    0.518       1.592       0.000   62.00%       0.000      0.000      0.000
             500.000       0.594       2.598       4.000    0.60%       0.000      1.000
     Q10                   0.354       2.237       0.000   74.60%       0.000      0.000      0.000
             500.000       0.485       5.279       4.000    0.40%       0.000      1.000
     Q11                   0.450       1.869       0.000   69.00%       0.000      0.000      0.000
             500.000       0.604       3.366       4.000    0.60%       0.000      1.000
     Q12                   1.116       0.822       0.000   37.00%       0.000      1.000      1.000
             500.000       1.275      -0.215       4.000    3.60%       1.000      2.000
     Q13                   1.362       0.640       0.000   30.20%       0.000      1.000      1.000
             500.000       1.555      -0.641       4.000    7.60%       1.000      3.000
     Q14                   0.438       1.822       0.000   71.20%       0.000      0.000      0.000
             500.000       0.618       2.647       4.000    0.20%       0.000      1.000
     Q15                   1.184       0.856       0.000   36.20%       0.000      1.000      1.000
             500.000       1.442      -0.175       4.000    6.60%       1.000      2.000
     Q16                   0.564       1.766       0.000   63.20%       0.000      0.000      0.000
             500.000       0.794       2.923       4.000    1.60%       0.000      1.000
     Q17                   0.930       1.142       0.000   48.60%       0.000      0.000      1.000
             500.000       1.333       0.290       4.000    4.00%       1.000      2.000
     Q18                   0.838       1.281       0.000   54.40%       0.000      0.000      0.000
             500.000       1.288       0.673       4.000    4.00%       1.000      2.000
     Q19                   0.608       1.487       0.000   59.80%       0.000      0.000      0.000
             500.000       0.786       1.608       4.000    0.60%       1.000      1.000
     Q20                   1.048       0.950       0.000   42.20%       0.000      0.000      1.000
             500.000       1.354      -0.083       4.000    4.20%       1.000      2.000
     Q21                   1.446       0.665       0.000   29.80%       0.000      1.000      1.000
             500.000       1.859      -0.831       4.000   12.80%       1.000      3.000
     Q22                   0.778       1.436       0.000   57.20%       0.000      0.000      0.000
             500.000       1.261       1.094       4.000    4.00%       1.000      1.000
     Q23                   1.350       0.778       0.000   35.60%       0.000      1.000      1.000
             500.000       1.947      -0.712       4.000   13.80%       1.000      3.000
     Q24                   0.736       1.609       0.000   51.00%       0.000      0.000      0.000
             500.000       0.958       2.366       4.000    3.00%       1.000      1.000
     Q25                   1.160       0.940       0.000   31.40%       0.000      1.000      1.000
             500.000       1.270       0.063       4.000    4.60%       1.000      2.000


THE MODEL ESTIMATION TERMINATED NORMALLY



MODEL FIT INFORMATION

Number of Free Parameters                      100

Loglikelihood

          H0 Value                      -13039.719
          H1 Value                      -12649.526

Information Criteria

          Akaike (AIC)                   26279.438
          Bayesian (BIC)                 26700.898
          Sample-Size Adjusted BIC       26383.492
            (n* = (n + 2) / 24)

Chi-Square Test of Model Fit

          Value                            780.385
          Degrees of Freedom                   250
          P-Value                           0.0000

RMSEA (Root Mean Square Error Of Approximation)

          Estimate                           0.065
          90 Percent C.I.                    0.060  0.070
          Probability RMSEA <= .05           0.000

CFI/TLI

          CFI                                0.947
          TLI                                0.936

Chi-Square Test of Model Fit for the Baseline Model

          Value                          10230.679
          Degrees of Freedom                   300
          P-Value                           0.0000

SRMR (Standardized Root Mean Square Residual)

          Value                              0.036



MODEL RESULTS

                                                    Two-Tailed
                    Estimate       S.E.  Est./S.E.    P-Value

 BODY_PAI BY
    Q1                 1.000      0.000    999.000    999.000
    Q2                 1.278      0.117     10.965      0.000
    Q3                 1.426      0.143      9.965      0.000
    Q4                 1.781      0.161     11.033      0.000
    Q5                 0.434      0.098      4.452      0.000
    Q25                0.556      0.132      4.217      0.000

 MOV_DIFF BY
    Q5                 1.000      0.000    999.000    999.000
    Q6                 1.314      0.128     10.254      0.000
    Q7                 0.815      0.104      7.851      0.000
    Q8                 0.981      0.098      9.969      0.000
    Q9                 1.279      0.123     10.374      0.000
    Q10                1.059      0.105     10.120      0.000
    Q11                1.207      0.118     10.251      0.000
    Q12                0.823      0.137      6.004      0.000
    Q13                0.155      0.120      1.291      0.197
    Q14                0.867      0.104      8.338      0.000
    Q15               -0.587      0.152     -3.862      0.000

 SOCI_ACT BY
    Q7                 1.000      0.000    999.000    999.000
    Q12                1.837      0.305      6.028      0.000
    Q13                3.394      0.494      6.864      0.000
    Q14                0.869      0.168      5.168      0.000
    Q15                3.914      0.593      6.602      0.000
    Q16                2.754      0.388      7.106      0.000
    Q17                3.152      0.456      6.918      0.000
    Q18                3.491      0.495      7.052      0.000
    Q19                2.576      0.366      7.035      0.000
    Q20                3.451      0.491      7.028      0.000
    Q21                3.816      0.548      6.959      0.000
    Q22                2.357      0.361      6.526      0.000
    Q23                2.816      0.435      6.475      0.000

 COGNIT   BY
    Q24                1.000      0.000    999.000    999.000
    Q25                0.745      0.090      8.290      0.000

 SOC_ACT_ BY
    SOCI_ACT           1.000      0.000    999.000    999.000
    COGNIT             2.568      0.386      6.659      0.000

 MOV_DIFF WITH
    BODY_PAIN          0.214      0.032      6.740      0.000

 SOC_ACT_ WITH
    BODY_PAIN          0.119      0.021      5.530      0.000
    MOV_DIFF           0.114      0.020      5.599      0.000

 Q1       WITH
    Q2                 0.227      0.043      5.257      0.000
    Q8                 0.098      0.021      4.794      0.000

 Q6       WITH
    Q14               -0.056      0.011     -5.168      0.000

 Q3       WITH
    Q25                0.147      0.032      4.519      0.000

 Q12      WITH
    Q11               -0.062      0.015     -4.275      0.000
    Q13                0.185      0.025      7.417      0.000

 Q14      WITH
    Q19                0.039      0.010      3.728      0.000

 Q17      WITH
    Q20                0.132      0.024      5.610      0.000

 Q19      WITH
    Q20                0.086      0.016      5.307      0.000

 Q21      WITH
    Q13                0.147      0.028      5.262      0.000
    Q23                0.206      0.040      5.215      0.000

 Q22      WITH
    Q23                0.473      0.050      9.514      0.000
    Q18                0.086      0.023      3.722      0.000

 Intercepts
    Q1                 1.390      0.051     27.331      0.000
    Q2                 1.332      0.051     26.308      0.000
    Q3                 1.360      0.052     26.247      0.000
    Q4                 1.212      0.048     25.393      0.000
    Q5                 0.668      0.041     16.204      0.000
    Q6                 0.594      0.038     15.641      0.000
    Q7                 0.502      0.036     14.009      0.000
    Q8                 0.348      0.030     11.551      0.000
    Q9                 0.518      0.034     15.033      0.000
    Q10                0.354      0.031     11.370      0.000
    Q11                0.450      0.035     12.953      0.000
    Q12                1.116      0.050     22.131      0.000
    Q13                1.362      0.056     24.470      0.000
    Q14                0.438      0.035     12.474      0.000
    Q15                1.184      0.054     22.047      0.000
    Q16                0.564      0.040     14.154      0.000
    Q17                0.930      0.052     18.011      0.000
    Q18                0.838      0.051     16.512      0.000
    Q19                0.608      0.040     15.357      0.000
    Q20                1.048      0.052     20.198      0.000
    Q21                1.446      0.061     23.755      0.000
    Q22                0.778      0.050     15.578      0.000
    Q23                1.350      0.062     21.793      0.000
    Q24                0.736      0.044     16.812      0.000
    Q25                1.160      0.050     22.982      0.000

 Variances
    BODY_PAIN          0.301      0.055      5.455      0.000
    MOV_DIFF           0.270      0.052      5.161      0.000
    SOC_ACT_CO         0.078      0.023      3.463      0.001

 Residual Variances
    Q1                 0.992      0.064     15.432      0.000
    Q2                 0.790      0.054     14.550      0.000
    Q3                 0.731      0.052     13.962      0.000
    Q4                 0.185      0.032      5.772      0.000
    Q5                 0.337      0.023     14.690      0.000
    Q6                 0.255      0.019     13.646      0.000
    Q7                 0.198      0.014     14.545      0.000
    Q8                 0.194      0.013     14.424      0.000
    Q9                 0.152      0.012     12.745      0.000
    Q10                0.182      0.013     14.130      0.000
    Q11                0.210      0.015     13.813      0.000
    Q12                0.477      0.032     15.006      0.000
    Q13                0.515      0.036     14.407      0.000
    Q14                0.182      0.013     14.027      0.000
    Q15                0.666      0.048     13.801      0.000
    Q16                0.196      0.015     13.099      0.000
    Q17                0.550      0.038     14.499      0.000
    Q18                0.328      0.025     13.125      0.000
    Q19                0.261      0.018     14.217      0.000
    Q20                0.408      0.029     14.165      0.000
    Q21                0.705      0.048     14.555      0.000
    Q22                0.810      0.052     15.698      0.000
    Q23                1.294      0.082     15.872      0.000
    Q24                0.200      0.047      4.233      0.000
    Q25                0.508      0.040     12.693      0.000
    SOCI_ACT           0.000      0.003      0.169      0.866
    COGNIT             0.241      0.052      4.657      0.000


STANDARDIZED MODEL RESULTS


STDYX Standardization

                                                    Two-Tailed
                    Estimate       S.E.  Est./S.E.    P-Value

 BODY_PAI BY
    Q1                 0.482      0.037     13.107      0.000
    Q2                 0.619      0.031     20.194      0.000
    Q3                 0.675      0.028     24.221      0.000
    Q4                 0.915      0.016     56.978      0.000
    Q5                 0.258      0.053      4.886      0.000
    Q25                0.270      0.059      4.603      0.000

 MOV_DIFF BY
    Q5                 0.564      0.049     11.434      0.000
    Q6                 0.804      0.018     45.184      0.000
    Q7                 0.528      0.047     11.303      0.000
    Q8                 0.757      0.021     36.712      0.000
    Q9                 0.863      0.013     64.763      0.000
    Q10                0.791      0.018     43.050      0.000
    Q11                0.807      0.017     46.614      0.000
    Q12                0.380      0.053      7.221      0.000
    Q13                0.065      0.050      1.298      0.194
    Q14                0.574      0.045     12.806      0.000
    Q15               -0.254      0.062     -4.128      0.000

 SOCI_ACT BY
    Q7                 0.350      0.048      7.304      0.000
    Q12                0.457      0.051      8.890      0.000
    Q13                0.765      0.045     16.941      0.000
    Q14                0.311      0.046      6.689      0.000
    Q15                0.915      0.054     16.991      0.000
    Q16                0.868      0.013     68.720      0.000
    Q17                0.766      0.020     38.538      0.000
    Q18                0.864      0.013     66.519      0.000
    Q19                0.817      0.016     50.218      0.000
    Q20                0.835      0.015     56.184      0.000
    Q21                0.787      0.018     42.882      0.000
    Q22                0.592      0.030     19.595      0.000
    Q23                0.571      0.031     18.262      0.000

 COGNIT   BY
    Q24                0.889      0.028     31.378      0.000
    Q25                0.574      0.055     10.532      0.000

 SOC_ACT_ BY
    SOCI_ACT           0.997      0.017     59.331      0.000
    COGNIT             0.826      0.032     25.569      0.000

 MOV_DIFF WITH
    BODY_PAIN          0.750      0.026     28.711      0.000

 SOC_ACT_ WITH
    BODY_PAIN          0.774      0.025     30.382      0.000
    MOV_DIFF           0.784      0.025     31.821      0.000

 Q1       WITH
    Q2                 0.256      0.043      5.910      0.000
    Q8                 0.224      0.044      5.123      0.000

 Q6       WITH
    Q14               -0.259      0.049     -5.302      0.000

 Q3       WITH
    Q25                0.241      0.049      4.915      0.000

 Q12      WITH
    Q11               -0.196      0.045     -4.355      0.000
    Q13                0.373      0.040      9.317      0.000

 Q14      WITH
    Q19                0.178      0.045      3.936      0.000

 Q17      WITH
    Q20                0.279      0.043      6.513      0.000

 Q19      WITH
    Q20                0.264      0.043      6.084      0.000

 Q21      WITH
    Q13                0.243      0.041      5.928      0.000
    Q23                0.216      0.038      5.624      0.000

 Q22      WITH
    Q23                0.462      0.035     13.243      0.000
    Q18                0.167      0.042      3.940      0.000

 Intercepts
    Q1                 1.222      0.059     20.699      0.000
    Q2                 1.177      0.058     20.224      0.000
    Q3                 1.174      0.058     20.197      0.000
    Q4                 1.136      0.057     19.800      0.000
    Q5                 0.725      0.050     14.421      0.000
    Q6                 0.699      0.050     14.020      0.000
    Q7                 0.627      0.049     12.808      0.000
    Q8                 0.517      0.048     10.856      0.000
    Q9                 0.672      0.050     13.577      0.000
    Q10                0.508      0.048     10.699      0.000
    Q11                0.579      0.048     11.986      0.000
    Q12                0.990      0.055     18.144      0.000
    Q13                1.094      0.057     19.365      0.000
    Q14                0.558      0.048     11.606      0.000
    Q15                0.986      0.055     18.086      0.000
    Q16                0.633      0.049     12.919      0.000
    Q17                0.805      0.051     15.650      0.000
    Q18                0.738      0.050     14.637      0.000
    Q19                0.687      0.050     13.817      0.000
    Q20                0.903      0.053     17.030      0.000
    Q21                1.062      0.056     19.004      0.000
    Q22                0.697      0.050     13.992      0.000
    Q23                0.975      0.054     18.008      0.000
    Q24                0.752      0.051     14.844      0.000
    Q25                1.028      0.055     18.604      0.000

 Variances
    BODY_PAIN          1.000      0.000    999.000    999.000
    MOV_DIFF           1.000      0.000    999.000    999.000
    SOC_ACT_CO         1.000      0.000    999.000    999.000

 Residual Variances
    Q1                 0.767      0.036     21.613      0.000
    Q2                 0.617      0.038     16.244      0.000
    Q3                 0.544      0.038     14.472      0.000
    Q4                 0.163      0.029      5.528      0.000
    Q5                 0.397      0.029     13.534      0.000
    Q6                 0.354      0.029     12.365      0.000
    Q7                 0.308      0.024     12.639      0.000
    Q8                 0.427      0.031     13.664      0.000
    Q9                 0.255      0.023     11.102      0.000
    Q10                0.375      0.029     12.898      0.000
    Q11                0.348      0.028     12.446      0.000
    Q12                0.375      0.028     13.482      0.000
    Q13                0.332      0.026     12.613      0.000
    Q14                0.295      0.024     12.175      0.000
    Q15                0.462      0.034     13.422      0.000
    Q16                0.247      0.022     11.287      0.000
    Q17                0.413      0.030     13.539      0.000
    Q18                0.254      0.022     11.344      0.000
    Q19                0.333      0.027     12.539      0.000
    Q20                0.303      0.025     12.212      0.000
    Q21                0.381      0.029     13.177      0.000
    Q22                0.649      0.036     18.129      0.000
    Q23                0.674      0.036     18.901      0.000
    Q24                0.209      0.050      4.148      0.000
    Q25                0.399      0.033     12.028      0.000
    SOCI_ACT           0.006      0.034      0.168      0.866
    COGNIT             0.318      0.053      5.974      0.000


STDY Standardization

                                                    Two-Tailed
                    Estimate       S.E.  Est./S.E.    P-Value

 BODY_PAI BY
    Q1                 0.482      0.037     13.107      0.000
    Q2                 0.619      0.031     20.194      0.000
    Q3                 0.675      0.028     24.221      0.000
    Q4                 0.915      0.016     56.978      0.000
    Q5                 0.258      0.053      4.886      0.000
    Q25                0.270      0.059      4.603      0.000

 MOV_DIFF BY
    Q5                 0.564      0.049     11.434      0.000
    Q6                 0.804      0.018     45.184      0.000
    Q7                 0.528      0.047     11.303      0.000
    Q8                 0.757      0.021     36.712      0.000
    Q9                 0.863      0.013     64.763      0.000
    Q10                0.791      0.018     43.050      0.000
    Q11                0.807      0.017     46.614      0.000
    Q12                0.380      0.053      7.221      0.000
    Q13                0.065      0.050      1.298      0.194
    Q14                0.574      0.045     12.806      0.000
    Q15               -0.254      0.062     -4.128      0.000

 SOCI_ACT BY
    Q7                 0.350      0.048      7.304      0.000
    Q12                0.457      0.051      8.890      0.000
    Q13                0.765      0.045     16.941      0.000
    Q14                0.311      0.046      6.689      0.000
    Q15                0.915      0.054     16.991      0.000
    Q16                0.868      0.013     68.720      0.000
    Q17                0.766      0.020     38.538      0.000
    Q18                0.864      0.013     66.519      0.000
    Q19                0.817      0.016     50.218      0.000
    Q20                0.835      0.015     56.184      0.000
    Q21                0.787      0.018     42.882      0.000
    Q22                0.592      0.030     19.595      0.000
    Q23                0.571      0.031     18.262      0.000

 COGNIT   BY
    Q24                0.889      0.028     31.378      0.000
    Q25                0.574      0.055     10.532      0.000

 SOC_ACT_ BY
    SOCI_ACT           0.997      0.017     59.331      0.000
    COGNIT             0.826      0.032     25.569      0.000

 MOV_DIFF WITH
    BODY_PAIN          0.750      0.026     28.711      0.000

 SOC_ACT_ WITH
    BODY_PAIN          0.774      0.025     30.382      0.000
    MOV_DIFF           0.784      0.025     31.821      0.000

 Q1       WITH
    Q2                 0.256      0.043      5.910      0.000
    Q8                 0.224      0.044      5.123      0.000

 Q6       WITH
    Q14               -0.259      0.049     -5.302      0.000

 Q3       WITH
    Q25                0.241      0.049      4.915      0.000

 Q12      WITH
    Q11               -0.196      0.045     -4.355      0.000
    Q13                0.373      0.040      9.317      0.000

 Q14      WITH
    Q19                0.178      0.045      3.936      0.000

 Q17      WITH
    Q20                0.279      0.043      6.513      0.000

 Q19      WITH
    Q20                0.264      0.043      6.084      0.000

 Q21      WITH
    Q13                0.243      0.041      5.928      0.000
    Q23                0.216      0.038      5.624      0.000

 Q22      WITH
    Q23                0.462      0.035     13.243      0.000
    Q18                0.167      0.042      3.940      0.000

 Intercepts
    Q1                 1.222      0.059     20.699      0.000
    Q2                 1.177      0.058     20.224      0.000
    Q3                 1.174      0.058     20.197      0.000
    Q4                 1.136      0.057     19.800      0.000
    Q5                 0.725      0.050     14.421      0.000
    Q6                 0.699      0.050     14.020      0.000
    Q7                 0.627      0.049     12.808      0.000
    Q8                 0.517      0.048     10.856      0.000
    Q9                 0.672      0.050     13.577      0.000
    Q10                0.508      0.048     10.699      0.000
    Q11                0.579      0.048     11.986      0.000
    Q12                0.990      0.055     18.144      0.000
    Q13                1.094      0.057     19.365      0.000
    Q14                0.558      0.048     11.606      0.000
    Q15                0.986      0.055     18.086      0.000
    Q16                0.633      0.049     12.919      0.000
    Q17                0.805      0.051     15.650      0.000
    Q18                0.738      0.050     14.637      0.000
    Q19                0.687      0.050     13.817      0.000
    Q20                0.903      0.053     17.030      0.000
    Q21                1.062      0.056     19.004      0.000
    Q22                0.697      0.050     13.992      0.000
    Q23                0.975      0.054     18.008      0.000
    Q24                0.752      0.051     14.844      0.000
    Q25                1.028      0.055     18.604      0.000

 Variances
    BODY_PAIN          1.000      0.000    999.000    999.000
    MOV_DIFF           1.000      0.000    999.000    999.000
    SOC_ACT_CO         1.000      0.000    999.000    999.000

 Residual Variances
    Q1                 0.767      0.036     21.613      0.000
    Q2                 0.617      0.038     16.244      0.000
    Q3                 0.544      0.038     14.472      0.000
    Q4                 0.163      0.029      5.528      0.000
    Q5                 0.397      0.029     13.534      0.000
    Q6                 0.354      0.029     12.365      0.000
    Q7                 0.308      0.024     12.639      0.000
    Q8                 0.427      0.031     13.664      0.000
    Q9                 0.255      0.023     11.102      0.000
    Q10                0.375      0.029     12.898      0.000
    Q11                0.348      0.028     12.446      0.000
    Q12                0.375      0.028     13.482      0.000
    Q13                0.332      0.026     12.613      0.000
    Q14                0.295      0.024     12.175      0.000
    Q15                0.462      0.034     13.422      0.000
    Q16                0.247      0.022     11.287      0.000
    Q17                0.413      0.030     13.539      0.000
    Q18                0.254      0.022     11.344      0.000
    Q19                0.333      0.027     12.539      0.000
    Q20                0.303      0.025     12.212      0.000
    Q21                0.381      0.029     13.177      0.000
    Q22                0.649      0.036     18.129      0.000
    Q23                0.674      0.036     18.901      0.000
    Q24                0.209      0.050      4.148      0.000
    Q25                0.399      0.033     12.028      0.000
    SOCI_ACT           0.006      0.034      0.168      0.866
    COGNIT             0.318      0.053      5.974      0.000


STD Standardization

                                                    Two-Tailed
                    Estimate       S.E.  Est./S.E.    P-Value

 BODY_PAI BY
    Q1                 0.549      0.050     10.909      0.000
    Q2                 0.701      0.048     14.609      0.000
    Q3                 0.782      0.048     16.236      0.000
    Q4                 0.977      0.039     24.746      0.000
    Q5                 0.238      0.050      4.799      0.000
    Q25                0.305      0.068      4.515      0.000

 MOV_DIFF BY
    Q5                 0.520      0.050     10.323      0.000
    Q6                 0.683      0.032     21.333      0.000
    Q7                 0.423      0.041     10.341      0.000
    Q8                 0.510      0.026     19.720      0.000
    Q9                 0.665      0.028     23.911      0.000
    Q10                0.551      0.026     20.902      0.000
    Q11                0.627      0.029     21.534      0.000
    Q12                0.428      0.062      6.947      0.000
    Q13                0.081      0.062      1.296      0.195
    Q14                0.451      0.039     11.552      0.000
    Q15               -0.305      0.075     -4.084      0.000

 SOCI_ACT BY
    Q7                 0.281      0.040      7.046      0.000
    Q12                0.516      0.062      8.350      0.000
    Q13                0.953      0.068     13.913      0.000
    Q14                0.244      0.038      6.466      0.000
    Q15                1.099      0.080     13.686      0.000
    Q16                0.773      0.032     24.209      0.000
    Q17                0.885      0.044     20.005      0.000
    Q18                0.980      0.041     24.010      0.000
    Q19                0.723      0.033     21.984      0.000
    Q20                0.969      0.043     22.738      0.000
    Q21                1.071      0.052     20.793      0.000
    Q22                0.661      0.047     14.215      0.000
    Q23                0.791      0.058     13.613      0.000

 COGNIT   BY
    Q24                0.871      0.043     20.270      0.000
    Q25                0.648      0.067      9.748      0.000

 SOC_ACT_ BY
    SOCI_ACT           0.997      0.017     59.331      0.000
    COGNIT             0.826      0.032     25.569      0.000

 MOV_DIFF WITH
    BODY_PAIN          0.750      0.026     28.711      0.000

 SOC_ACT_ WITH
    BODY_PAIN          0.774      0.025     30.382      0.000
    MOV_DIFF           0.784      0.025     31.821      0.000

 Q1       WITH
    Q2                 0.227      0.043      5.257      0.000
    Q8                 0.098      0.021      4.794      0.000

 Q6       WITH
    Q14               -0.056      0.011     -5.168      0.000

 Q3       WITH
    Q25                0.147      0.032      4.519      0.000

 Q12      WITH
    Q11               -0.062      0.015     -4.275      0.000
    Q13                0.185      0.025      7.417      0.000

 Q14      WITH
    Q19                0.039      0.010      3.728      0.000

 Q17      WITH
    Q20                0.132      0.024      5.610      0.000

 Q19      WITH
    Q20                0.086      0.016      5.307      0.000

 Q21      WITH
    Q13                0.147      0.028      5.262      0.000
    Q23                0.206      0.040      5.215      0.000

 Q22      WITH
    Q23                0.473      0.050      9.514      0.000
    Q18                0.086      0.023      3.722      0.000

 Intercepts
    Q1                 1.390      0.051     27.331      0.000
    Q2                 1.332      0.051     26.308      0.000
    Q3                 1.360      0.052     26.247      0.000
    Q4                 1.212      0.048     25.393      0.000
    Q5                 0.668      0.041     16.204      0.000
    Q6                 0.594      0.038     15.641      0.000
    Q7                 0.502      0.036     14.009      0.000
    Q8                 0.348      0.030     11.551      0.000
    Q9                 0.518      0.034     15.033      0.000
    Q10                0.354      0.031     11.370      0.000
    Q11                0.450      0.035     12.953      0.000
    Q12                1.116      0.050     22.131      0.000
    Q13                1.362      0.056     24.470      0.000
    Q14                0.438      0.035     12.474      0.000
    Q15                1.184      0.054     22.047      0.000
    Q16                0.564      0.040     14.154      0.000
    Q17                0.930      0.052     18.011      0.000
    Q18                0.838      0.051     16.512      0.000
    Q19                0.608      0.040     15.357      0.000
    Q20                1.048      0.052     20.198      0.000
    Q21                1.446      0.061     23.755      0.000
    Q22                0.778      0.050     15.578      0.000
    Q23                1.350      0.062     21.793      0.000
    Q24                0.736      0.044     16.812      0.000
    Q25                1.160      0.050     22.982      0.000

 Variances
    BODY_PAIN          1.000      0.000    999.000    999.000
    MOV_DIFF           1.000      0.000    999.000    999.000
    SOC_ACT_CO         1.000      0.000    999.000    999.000

 Residual Variances
    Q1                 0.992      0.064     15.432      0.000
    Q2                 0.790      0.054     14.550      0.000
    Q3                 0.731      0.052     13.962      0.000
    Q4                 0.185      0.032      5.772      0.000
    Q5                 0.337      0.023     14.690      0.000
    Q6                 0.255      0.019     13.646      0.000
    Q7                 0.198      0.014     14.545      0.000
    Q8                 0.194      0.013     14.424      0.000
    Q9                 0.152      0.012     12.745      0.000
    Q10                0.182      0.013     14.130      0.000
    Q11                0.210      0.015     13.813      0.000
    Q12                0.477      0.032     15.006      0.000
    Q13                0.515      0.036     14.407      0.000
    Q14                0.182      0.013     14.027      0.000
    Q15                0.666      0.048     13.801      0.000
    Q16                0.196      0.015     13.099      0.000
    Q17                0.550      0.038     14.499      0.000
    Q18                0.328      0.025     13.125      0.000
    Q19                0.261      0.018     14.217      0.000
    Q20                0.408      0.029     14.165      0.000
    Q21                0.705      0.048     14.555      0.000
    Q22                0.810      0.052     15.698      0.000
    Q23                1.294      0.082     15.872      0.000
    Q24                0.200      0.047      4.233      0.000
    Q25                0.508      0.040     12.693      0.000
    SOCI_ACT           0.006      0.034      0.168      0.866
    COGNIT             0.318      0.053      5.974      0.000


R-SQUARE

    Observed                                        Two-Tailed
    Variable        Estimate       S.E.  Est./S.E.    P-Value

    Q1                 0.233      0.036      6.553      0.000
    Q2                 0.383      0.038     10.097      0.000
    Q3                 0.456      0.038     12.111      0.000
    Q4                 0.837      0.029     28.489      0.000
    Q5                 0.603      0.029     20.568      0.000
    Q6                 0.646      0.029     22.592      0.000
    Q7                 0.692      0.024     28.341      0.000
    Q8                 0.573      0.031     18.356      0.000
    Q9                 0.745      0.023     32.381      0.000
    Q10                0.625      0.029     21.525      0.000
    Q11                0.652      0.028     23.307      0.000
    Q12                0.625      0.028     22.430      0.000
    Q13                0.668      0.026     25.337      0.000
    Q14                0.705      0.024     29.083      0.000
    Q15                0.538      0.034     15.623      0.000
    Q16                0.753      0.022     34.360      0.000
    Q17                0.587      0.030     19.269      0.000
    Q18                0.746      0.022     33.259      0.000
    Q19                0.667      0.027     25.109      0.000
    Q20                0.697      0.025     28.092      0.000
    Q21                0.619      0.029     21.441      0.000
    Q22                0.351      0.036      9.798      0.000
    Q23                0.326      0.036      9.131      0.000
    Q24                0.791      0.050     15.689      0.000
    Q25                0.601      0.033     18.128      0.000

     Latent                                         Two-Tailed
    Variable        Estimate       S.E.  Est./S.E.    P-Value

    SOCI_ACT           0.994      0.034     29.666      0.000
    COGNIT             0.682      0.053     12.784      0.000


QUALITY OF NUMERICAL RESULTS

     Condition Number for the Information Matrix              0.172E-05
       (ratio of smallest to largest eigenvalue)


MODEL MODIFICATION INDICES

NOTE:  Modification indices for direct effects of observed dependent variables
regressed on covariates may not be included.  To include these, request
MODINDICES (ALL).

Minimum M.I. value for printing the modification index    10.000

                                   M.I.     E.P.C.  Std E.P.C.  StdYX E.P.C.

BY Statements

BODY_PAI BY Q7                    10.559     0.254      0.140        0.174
BODY_PAI BY Q17                   10.185    -0.361     -0.198       -0.171
MOV_DIFF BY Q17                   11.285    -0.391     -0.203       -0.176
MOV_DIFF BY Q23                   10.579    -0.502     -0.261       -0.188
SOC_ACT_ BY Q18                   10.180   -36.588    -10.241       -9.024
SOC_ACT_ BY Q20                   10.070    35.051      9.811        8.456

WITH Statements

Q9       WITH Q1                  10.515    -0.059     -0.059       -0.152
Q10      WITH Q2                  12.108     0.061      0.061        0.162
Q10      WITH Q9                  11.481     0.031      0.031        0.185
Q11      WITH Q1                  15.349     0.080      0.080        0.176
Q11      WITH Q2                  10.733    -0.062     -0.062       -0.152
Q11      WITH Q4                  10.915     0.045      0.045        0.229
Q12      WITH Q2                  13.268    -0.092     -0.092       -0.150
Q16      WITH Q14                 12.267     0.034      0.034        0.178
Q20      WITH Q7                  12.070    -0.044     -0.044       -0.153
Q20      WITH Q11                 12.936     0.047      0.047        0.160
Q20      WITH Q16                 13.967    -0.051     -0.051       -0.179
Q21      WITH Q7                  11.462    -0.056     -0.056       -0.151
Q21      WITH Q16                 14.460    -0.068     -0.068       -0.182
Q21      WITH Q20                 10.066     0.069      0.069        0.129


TECHNICAL 4 OUTPUT


     ESTIMATES DERIVED FROM THE MODEL


           ESTIMATED MEANS FOR THE LATENT VARIABLES
              BODY_PAI      MOV_DIFF      SOCI_ACT      COGNIT        SOC_ACT_
              ________      ________      ________      ________      ________
                0.000         0.000         0.000         0.000         0.000


           S.E. FOR ESTIMATED MEANS FOR THE LATENT VARIABLES
              BODY_PAI      MOV_DIFF      SOCI_ACT      COGNIT        SOC_ACT_
              ________      ________      ________      ________      ________
                0.000         0.000         0.000         0.000         0.000


           EST./S.E. FOR ESTIMATED MEANS FOR THE LATENT VARIABLES
              BODY_PAI      MOV_DIFF      SOCI_ACT      COGNIT        SOC_ACT_
              ________      ________      ________      ________      ________
                0.000         0.000         0.000         0.000         0.000


           TWO-TAILED P-VALUE FOR ESTIMATED MEANS FOR THE LATENT VARIABLES
              BODY_PAI      MOV_DIFF      SOCI_ACT      COGNIT        SOC_ACT_
              ________      ________      ________      ________      ________
                1.000         1.000         1.000         1.000         1.000


           ESTIMATED COVARIANCE MATRIX FOR THE LATENT VARIABLES
              BODY_PAI      MOV_DIFF      SOCI_ACT      COGNIT        SOC_ACT_
              ________      ________      ________      ________      ________
 BODY_PAI       0.301
 MOV_DIFF       0.214         0.270
 SOCI_ACT       0.119         0.114         0.079
 COGNIT         0.305         0.293         0.201         0.758
 SOC_ACT_       0.119         0.114         0.078         0.201         0.078


           S.E. FOR ESTIMATED COVARIANCE MATRIX FOR THE LATENT VARIABLES
              BODY_PAI      MOV_DIFF      SOCI_ACT      COGNIT        SOC_ACT_
              ________      ________      ________      ________      ________
 BODY_PAI       0.055
 MOV_DIFF       0.032         0.052
 SOCI_ACT       0.021         0.020         0.022
 COGNIT         0.038         0.038         0.032         0.075
 SOC_ACT_       0.021         0.020         0.023         0.032         0.023


           EST./S.E. FOR ESTIMATED COVARIANCE MATRIX FOR THE LATENT VARIABLES
              BODY_PAI      MOV_DIFF      SOCI_ACT      COGNIT        SOC_ACT_
              ________      ________      ________      ________      ________
 BODY_PAI       5.455
 MOV_DIFF       6.740         5.161
 SOCI_ACT       5.530         5.599         3.523
 COGNIT         8.034         7.704         6.311        10.135
 SOC_ACT_       5.530         5.599         3.463         6.311         3.463


           TWO-TAILED P-VALUE FOR ESTIMATED COVARIANCE MATRIX FOR THE LATENT VARIABLES
              BODY_PAI      MOV_DIFF      SOCI_ACT      COGNIT        SOC_ACT_
              ________      ________      ________      ________      ________
 BODY_PAI       0.000
 MOV_DIFF       0.000         0.000
 SOCI_ACT       0.000         0.000         0.000
 COGNIT         0.000         0.000         0.000         0.000
 SOC_ACT_       0.000         0.000         0.001         0.000         0.001


           ESTIMATED CORRELATION MATRIX FOR THE LATENT VARIABLES
              BODY_PAI      MOV_DIFF      SOCI_ACT      COGNIT        SOC_ACT_
              ________      ________      ________      ________      ________
 BODY_PAI       1.000
 MOV_DIFF       0.750         1.000
 SOCI_ACT       0.772         0.782         1.000
 COGNIT         0.639         0.648         0.823         1.000
 SOC_ACT_       0.774         0.784         0.997         0.826         1.000


           S.E. FOR ESTIMATED CORRELATION MATRIX FOR THE LATENT VARIABLES
              BODY_PAI      MOV_DIFF      SOCI_ACT      COGNIT        SOC_ACT_
              ________      ________      ________      ________      ________
 BODY_PAI       0.000
 MOV_DIFF       0.026         0.000
 SOCI_ACT       0.024         0.022         0.000
 COGNIT         0.036         0.037         0.029         0.000
 SOC_ACT_       0.025         0.025         0.017         0.032         0.000


           EST./S.E. FOR ESTIMATED CORRELATION MATRIX FOR THE LATENT VARIABLES
              BODY_PAI      MOV_DIFF      SOCI_ACT      COGNIT        SOC_ACT_
              ________      ________      ________      ________      ________
 BODY_PAI     999.000
 MOV_DIFF      28.711       999.000
 SOCI_ACT      31.787        36.178       999.000
 COGNIT        17.687        17.479        28.137       999.000
 SOC_ACT_      30.382        31.821        59.331        25.569       999.000


           TWO-TAILED P-VALUE FOR ESTIMATED CORRELATION MATRIX FOR THE LATENT VARIABLES
              BODY_PAI      MOV_DIFF      SOCI_ACT      COGNIT        SOC_ACT_
              ________      ________      ________      ________      ________
 BODY_PAI       0.000
 MOV_DIFF       0.000         0.000
 SOCI_ACT       0.000         0.000         0.000
 COGNIT         0.000         0.000         0.000         0.000
 SOC_ACT_       0.000         0.000         0.000         0.000         0.000


     Beginning Time:  17:00:13
        Ending Time:  17:00:13
       Elapsed Time:  00:00:00



MUTHEN & MUTHEN
3463 Stoner Ave.
Los Angeles, CA  90066

Tel: (310) 391-9971
Fax: (310) 391-8971
Web: www.StatModel.com
Support: Support@StatModel.com

Copyright (c) 1998-2019 Muthen & Muthen
