Mplus VERSION 8.4 (Mac)
MUTHEN & MUTHEN
03/31/2020   5:02 PM

INPUT INSTRUCTIONS

  TITLE: THE STRUCTURE OF LOCOMO25 removing some items
  DATA:
      FILE = "../Locomo25.dat";
  VARIABLE:
       NAMES = ID Age Sex Q1-Q25 Total;
       USEVARIABLES = Q2-Q4 Q6 Q8-Q11  Q15-Q21 Q24; !Q13
       MISSING=.;
  ANALYSIS:
      ESTIMATOR = ML;

  MODEL:
        Body_pai   BY Q2  Q3  Q4 Q6;! Q13;
        Mov_diff    BY Q6  Q8  Q9  Q10  Q11; ! Q15;
        Psy_soc    BY  Q15  Q16  Q17 Q18  Q19  Q20
                        Q21 Q24; !Q13
        Q21 with Q19;
        Q4 with Q11;
        Q8 with Q15;
        !Q13 with Q3;
        Q17 with Q20;
        Q19 with Q20;
        !Q21 with Q13;
        Q21 with Q16;
        !Q15 with Q13;
        Q20 with Q16;
        Q11 with Q8;
        Q21 with Q4;
        Q21 with Q3;
        !Q24 with Q13;


  OUTPUT: STANDARDIZED;
          MODINDICES;
          TECH4;



INPUT READING TERMINATED NORMALLY



THE STRUCTURE OF LOCOMO25 removing some items

SUMMARY OF ANALYSIS

Number of groups                                                 1
Number of observations                                         500

Number of dependent variables                                   16
Number of independent variables                                  0
Number of continuous latent variables                            3

Observed dependent variables

  Continuous
   Q2          Q3          Q4          Q6          Q8          Q9
   Q10         Q11         Q15         Q16         Q17         Q18
   Q19         Q20         Q21         Q24

Continuous latent variables
   BODY_PAI    MOV_DIFF    PSY_SOC


Estimator                                                       ML
Information matrix                                        OBSERVED
Maximum number of iterations                                  1000
Convergence criterion                                    0.500D-04
Maximum number of steepest descent iterations                   20
Maximum number of iterations for H1                           2000
Convergence criterion for H1                             0.100D-03

Input data file(s)
  ../Locomo25.dat

Input data format  FREE


SUMMARY OF DATA

     Number of missing data patterns             1


COVARIANCE COVERAGE OF DATA

Minimum covariance coverage value   0.100


     PROPORTION OF DATA PRESENT


           Covariance Coverage
              Q2            Q3            Q4            Q6            Q8
              ________      ________      ________      ________      ________
 Q2             1.000
 Q3             1.000         1.000
 Q4             1.000         1.000         1.000
 Q6             1.000         1.000         1.000         1.000
 Q8             1.000         1.000         1.000         1.000         1.000
 Q9             1.000         1.000         1.000         1.000         1.000
 Q10            1.000         1.000         1.000         1.000         1.000
 Q11            1.000         1.000         1.000         1.000         1.000
 Q15            1.000         1.000         1.000         1.000         1.000
 Q16            1.000         1.000         1.000         1.000         1.000
 Q17            1.000         1.000         1.000         1.000         1.000
 Q18            1.000         1.000         1.000         1.000         1.000
 Q19            1.000         1.000         1.000         1.000         1.000
 Q20            1.000         1.000         1.000         1.000         1.000
 Q21            1.000         1.000         1.000         1.000         1.000
 Q24            1.000         1.000         1.000         1.000         1.000


           Covariance Coverage
              Q9            Q10           Q11           Q15           Q16
              ________      ________      ________      ________      ________
 Q9             1.000
 Q10            1.000         1.000
 Q11            1.000         1.000         1.000
 Q15            1.000         1.000         1.000         1.000
 Q16            1.000         1.000         1.000         1.000         1.000
 Q17            1.000         1.000         1.000         1.000         1.000
 Q18            1.000         1.000         1.000         1.000         1.000
 Q19            1.000         1.000         1.000         1.000         1.000
 Q20            1.000         1.000         1.000         1.000         1.000
 Q21            1.000         1.000         1.000         1.000         1.000
 Q24            1.000         1.000         1.000         1.000         1.000


           Covariance Coverage
              Q17           Q18           Q19           Q20           Q21
              ________      ________      ________      ________      ________
 Q17            1.000
 Q18            1.000         1.000
 Q19            1.000         1.000         1.000
 Q20            1.000         1.000         1.000         1.000
 Q21            1.000         1.000         1.000         1.000         1.000
 Q24            1.000         1.000         1.000         1.000         1.000


           Covariance Coverage
              Q24
              ________
 Q24            1.000



UNIVARIATE SAMPLE STATISTICS


     UNIVARIATE HIGHER-ORDER MOMENT DESCRIPTIVE STATISTICS

         Variable/         Mean/     Skewness/   Minimum/ % with                Percentiles
        Sample Size      Variance    Kurtosis    Maximum  Min/Max      20%/60%    40%/80%    Median

     Q2                    1.332       0.473       0.000   28.20%       0.000      1.000      1.000
             500.000       1.282      -0.762       4.000    3.00%       1.000      2.000
     Q3                    1.360       0.566       0.000   27.20%       0.000      1.000      1.000
             500.000       1.342      -0.545       4.000    5.20%       1.000      2.000
     Q4                    1.212       0.508       0.000   30.80%       0.000      1.000      1.000
             500.000       1.139      -0.750       4.000    1.20%       1.000      2.000
     Q6                    0.594       1.331       0.000   60.20%       0.000      0.000      0.000
             500.000       0.721       0.979       4.000    0.20%       0.000      1.000
     Q8                    0.348       1.952       0.000   75.20%       0.000      0.000      0.000
             500.000       0.455       3.133       3.000    1.40%       0.000      1.000
     Q9                    0.518       1.592       0.000   62.00%       0.000      0.000      0.000
             500.000       0.594       2.598       4.000    0.60%       0.000      1.000
     Q10                   0.354       2.237       0.000   74.60%       0.000      0.000      0.000
             500.000       0.485       5.279       4.000    0.40%       0.000      1.000
     Q11                   0.450       1.869       0.000   69.00%       0.000      0.000      0.000
             500.000       0.604       3.366       4.000    0.60%       0.000      1.000
     Q15                   1.184       0.856       0.000   36.20%       0.000      1.000      1.000
             500.000       1.442      -0.175       4.000    6.60%       1.000      2.000
     Q16                   0.564       1.766       0.000   63.20%       0.000      0.000      0.000
             500.000       0.794       2.923       4.000    1.60%       0.000      1.000
     Q17                   0.930       1.142       0.000   48.60%       0.000      0.000      1.000
             500.000       1.333       0.290       4.000    4.00%       1.000      2.000
     Q18                   0.838       1.281       0.000   54.40%       0.000      0.000      0.000
             500.000       1.288       0.673       4.000    4.00%       1.000      2.000
     Q19                   0.608       1.487       0.000   59.80%       0.000      0.000      0.000
             500.000       0.786       1.608       4.000    0.60%       1.000      1.000
     Q20                   1.048       0.950       0.000   42.20%       0.000      0.000      1.000
             500.000       1.354      -0.083       4.000    4.20%       1.000      2.000
     Q21                   1.446       0.665       0.000   29.80%       0.000      1.000      1.000
             500.000       1.859      -0.831       4.000   12.80%       1.000      3.000
     Q24                   0.736       1.609       0.000   51.00%       0.000      0.000      0.000
             500.000       0.958       2.366       4.000    3.00%       1.000      1.000


THE MODEL ESTIMATION TERMINATED NORMALLY



MODEL FIT INFORMATION

Number of Free Parameters                       62

Loglikelihood

          H0 Value                       -8282.641
          H1 Value                       -8174.713

Information Criteria

          Akaike (AIC)                   16689.283
          Bayesian (BIC)                 16950.589
          Sample-Size Adjusted BIC       16753.797
            (n* = (n + 2) / 24)

Chi-Square Test of Model Fit

          Value                            215.858
          Degrees of Freedom                    90
          P-Value                           0.0000

RMSEA (Root Mean Square Error Of Approximation)

          Estimate                           0.053
          90 Percent C.I.                    0.044  0.062
          Probability RMSEA <= .05           0.288

CFI/TLI

          CFI                                0.978
          TLI                                0.971

Chi-Square Test of Model Fit for the Baseline Model

          Value                           5915.266
          Degrees of Freedom                   120
          P-Value                           0.0000

SRMR (Standardized Root Mean Square Residual)

          Value                              0.029



MODEL RESULTS

                                                    Two-Tailed
                    Estimate       S.E.  Est./S.E.    P-Value

 BODY_PAI BY
    Q2                 1.000      0.000    999.000    999.000
    Q3                 1.115      0.087     12.827      0.000
    Q4                 1.341      0.090     14.844      0.000
    Q6                 0.258      0.064      4.006      0.000

 MOV_DIFF BY
    Q6                 1.000      0.000    999.000    999.000
    Q8                 0.956      0.090     10.673      0.000
    Q9                 1.290      0.115     11.245      0.000
    Q10                1.073      0.098     11.000      0.000
    Q11                1.191      0.109     10.927      0.000

 PSY_SOC  BY
    Q15                1.000      0.000    999.000    999.000
    Q16                0.942      0.050     18.770      0.000
    Q17                1.069      0.064     16.588      0.000
    Q18                1.172      0.063     18.477      0.000
    Q19                0.878      0.050     17.444      0.000
    Q20                1.187      0.066     17.960      0.000
    Q21                1.313      0.077     17.163      0.000
    Q24                0.847      0.054     15.536      0.000

 MOV_DIFF WITH
    BODY_PAI           0.271      0.035      7.644      0.000

 PSY_SOC  WITH
    BODY_PAI           0.442      0.048      9.183      0.000
    MOV_DIFF           0.333      0.041      8.134      0.000

 Q21      WITH
    Q19               -0.085      0.021     -4.077      0.000
    Q16               -0.096      0.020     -4.736      0.000
    Q4                 0.120      0.029      4.163      0.000
    Q3                 0.135      0.039      3.513      0.000

 Q4       WITH
    Q11                0.069      0.015      4.639      0.000

 Q8       WITH
    Q15               -0.066      0.018     -3.634      0.000
    Q11                0.036      0.011      3.113      0.002

 Q17      WITH
    Q20                0.105      0.024      4.404      0.000

 Q19      WITH
    Q20                0.065      0.018      3.636      0.000

 Q20      WITH
    Q16               -0.064      0.015     -4.389      0.000

 Intercepts
    Q2                 1.332      0.051     26.308      0.000
    Q3                 1.360      0.052     26.184      0.000
    Q4                 1.212      0.048     25.360      0.000
    Q6                 0.594      0.038     15.641      0.000
    Q8                 0.348      0.030     11.617      0.000
    Q9                 0.518      0.034     15.033      0.000
    Q10                0.354      0.031     11.370      0.000
    Q11                0.450      0.035     12.943      0.000
    Q15                1.184      0.054     22.083      0.000
    Q16                0.564      0.040     14.149      0.000
    Q17                0.930      0.052     18.011      0.000
    Q18                0.838      0.051     16.512      0.000
    Q19                0.608      0.040     15.336      0.000
    Q20                1.048      0.052     20.196      0.000
    Q21                1.446      0.061     23.692      0.000
    Q24                0.736      0.044     16.812      0.000

 Variances
    BODY_PAI           0.512      0.069      7.469      0.000
    MOV_DIFF           0.272      0.048      5.627      0.000
    PSY_SOC            0.698      0.079      8.826      0.000

 Residual Variances
    Q2                 0.770      0.054     14.370      0.000
    Q3                 0.712      0.053     13.557      0.000
    Q4                 0.221      0.036      6.192      0.000
    Q6                 0.275      0.020     13.776      0.000
    Q8                 0.200      0.015     13.555      0.000
    Q9                 0.141      0.013     10.513      0.000
    Q10                0.171      0.013     12.839      0.000
    Q11                0.218      0.017     12.714      0.000
    Q15                0.739      0.049     15.065      0.000
    Q16                0.174      0.015     11.608      0.000
    Q17                0.536      0.037     14.454      0.000
    Q18                0.328      0.024     13.446      0.000
    Q19                0.248      0.019     13.207      0.000
    Q20                0.362      0.030     12.182      0.000
    Q21                0.658      0.050     13.202      0.000
    Q24                0.458      0.031     14.982      0.000


STANDARDIZED MODEL RESULTS


STDYX Standardization

                                                    Two-Tailed
                    Estimate       S.E.  Est./S.E.    P-Value

 BODY_PAI BY
    Q2                 0.632      0.030     20.940      0.000
    Q3                 0.687      0.028     24.782      0.000
    Q4                 0.898      0.018     49.586      0.000
    Q6                 0.217      0.052      4.146      0.000

 MOV_DIFF BY
    Q6                 0.614      0.048     12.725      0.000
    Q8                 0.744      0.023     32.268      0.000
    Q9                 0.873      0.014     60.914      0.000
    Q10                0.804      0.019     42.948      0.000
    Q11                0.799      0.019     41.423      0.000

 PSY_SOC  BY
    Q15                0.697      0.024     28.875      0.000
    Q16                0.884      0.012     72.367      0.000
    Q17                0.773      0.019     39.895      0.000
    Q18                0.863      0.013     67.591      0.000
    Q19                0.827      0.016     51.060      0.000
    Q20                0.855      0.015     58.221      0.000
    Q21                0.804      0.018     44.177      0.000
    Q24                0.723      0.022     32.132      0.000

 MOV_DIFF WITH
    BODY_PAI           0.727      0.029     25.398      0.000

 PSY_SOC  WITH
    BODY_PAI           0.740      0.026     28.578      0.000
    MOV_DIFF           0.763      0.023     33.170      0.000

 Q21      WITH
    Q19               -0.210      0.053     -3.983      0.000
    Q16               -0.283      0.063     -4.508      0.000
    Q4                 0.316      0.073      4.321      0.000
    Q3                 0.198      0.054      3.647      0.000

 Q4       WITH
    Q11                0.316      0.063      4.979      0.000

 Q8       WITH
    Q15               -0.173      0.046     -3.771      0.000
    Q11                0.171      0.050      3.415      0.001

 Q17      WITH
    Q20                0.238      0.047      5.051      0.000

 Q19      WITH
    Q20                0.217      0.052      4.169      0.000

 Q20      WITH
    Q16               -0.255      0.062     -4.140      0.000

 Intercepts
    Q2                 1.177      0.058     20.224      0.000
    Q3                 1.171      0.058     20.148      0.000
    Q4                 1.134      0.057     19.804      0.000
    Q6                 0.699      0.050     14.020      0.000
    Q8                 0.520      0.048     10.914      0.000
    Q9                 0.672      0.050     13.577      0.000
    Q10                0.508      0.048     10.699      0.000
    Q11                0.579      0.048     11.980      0.000
    Q15                0.988      0.054     18.129      0.000
    Q16                0.633      0.049     12.916      0.000
    Q17                0.805      0.051     15.650      0.000
    Q18                0.738      0.050     14.637      0.000
    Q19                0.686      0.050     13.800      0.000
    Q20                0.903      0.053     17.028      0.000
    Q21                1.060      0.056     18.965      0.000
    Q24                0.752      0.051     14.844      0.000

 Variances
    BODY_PAI           1.000      0.000    999.000    999.000
    MOV_DIFF           1.000      0.000    999.000    999.000
    PSY_SOC            1.000      0.000    999.000    999.000

 Residual Variances
    Q2                 0.600      0.038     15.734      0.000
    Q3                 0.528      0.038     13.841      0.000
    Q4                 0.193      0.033      5.940      0.000
    Q6                 0.382      0.030     12.683      0.000
    Q8                 0.446      0.034     12.981      0.000
    Q9                 0.237      0.025      9.470      0.000
    Q10                0.354      0.030     11.755      0.000
    Q11                0.361      0.031     11.721      0.000
    Q15                0.514      0.034     15.275      0.000
    Q16                0.219      0.022     10.171      0.000
    Q17                0.402      0.030     13.396      0.000
    Q18                0.255      0.022     11.553      0.000
    Q19                0.316      0.027     11.774      0.000
    Q20                0.269      0.025     10.707      0.000
    Q21                0.353      0.029     12.056      0.000
    Q24                0.478      0.033     14.689      0.000


STDY Standardization

                                                    Two-Tailed
                    Estimate       S.E.  Est./S.E.    P-Value

 BODY_PAI BY
    Q2                 0.632      0.030     20.940      0.000
    Q3                 0.687      0.028     24.782      0.000
    Q4                 0.898      0.018     49.586      0.000
    Q6                 0.217      0.052      4.146      0.000

 MOV_DIFF BY
    Q6                 0.614      0.048     12.725      0.000
    Q8                 0.744      0.023     32.268      0.000
    Q9                 0.873      0.014     60.914      0.000
    Q10                0.804      0.019     42.948      0.000
    Q11                0.799      0.019     41.423      0.000

 PSY_SOC  BY
    Q15                0.697      0.024     28.875      0.000
    Q16                0.884      0.012     72.367      0.000
    Q17                0.773      0.019     39.895      0.000
    Q18                0.863      0.013     67.591      0.000
    Q19                0.827      0.016     51.060      0.000
    Q20                0.855      0.015     58.221      0.000
    Q21                0.804      0.018     44.177      0.000
    Q24                0.723      0.022     32.132      0.000

 MOV_DIFF WITH
    BODY_PAI           0.727      0.029     25.398      0.000

 PSY_SOC  WITH
    BODY_PAI           0.740      0.026     28.578      0.000
    MOV_DIFF           0.763      0.023     33.170      0.000

 Q21      WITH
    Q19               -0.210      0.053     -3.983      0.000
    Q16               -0.283      0.063     -4.508      0.000
    Q4                 0.316      0.073      4.321      0.000
    Q3                 0.198      0.054      3.647      0.000

 Q4       WITH
    Q11                0.316      0.063      4.979      0.000

 Q8       WITH
    Q15               -0.173      0.046     -3.771      0.000
    Q11                0.171      0.050      3.415      0.001

 Q17      WITH
    Q20                0.238      0.047      5.051      0.000

 Q19      WITH
    Q20                0.217      0.052      4.169      0.000

 Q20      WITH
    Q16               -0.255      0.062     -4.140      0.000

 Intercepts
    Q2                 1.177      0.058     20.224      0.000
    Q3                 1.171      0.058     20.148      0.000
    Q4                 1.134      0.057     19.804      0.000
    Q6                 0.699      0.050     14.020      0.000
    Q8                 0.520      0.048     10.914      0.000
    Q9                 0.672      0.050     13.577      0.000
    Q10                0.508      0.048     10.699      0.000
    Q11                0.579      0.048     11.980      0.000
    Q15                0.988      0.054     18.129      0.000
    Q16                0.633      0.049     12.916      0.000
    Q17                0.805      0.051     15.650      0.000
    Q18                0.738      0.050     14.637      0.000
    Q19                0.686      0.050     13.800      0.000
    Q20                0.903      0.053     17.028      0.000
    Q21                1.060      0.056     18.965      0.000
    Q24                0.752      0.051     14.844      0.000

 Variances
    BODY_PAI           1.000      0.000    999.000    999.000
    MOV_DIFF           1.000      0.000    999.000    999.000
    PSY_SOC            1.000      0.000    999.000    999.000

 Residual Variances
    Q2                 0.600      0.038     15.734      0.000
    Q3                 0.528      0.038     13.841      0.000
    Q4                 0.193      0.033      5.940      0.000
    Q6                 0.382      0.030     12.683      0.000
    Q8                 0.446      0.034     12.981      0.000
    Q9                 0.237      0.025      9.470      0.000
    Q10                0.354      0.030     11.755      0.000
    Q11                0.361      0.031     11.721      0.000
    Q15                0.514      0.034     15.275      0.000
    Q16                0.219      0.022     10.171      0.000
    Q17                0.402      0.030     13.396      0.000
    Q18                0.255      0.022     11.553      0.000
    Q19                0.316      0.027     11.774      0.000
    Q20                0.269      0.025     10.707      0.000
    Q21                0.353      0.029     12.056      0.000
    Q24                0.478      0.033     14.689      0.000


STD Standardization

                                                    Two-Tailed
                    Estimate       S.E.  Est./S.E.    P-Value

 BODY_PAI BY
    Q2                 0.716      0.048     14.938      0.000
    Q3                 0.798      0.049     16.454      0.000
    Q4                 0.960      0.040     23.732      0.000
    Q6                 0.185      0.045      4.096      0.000

 MOV_DIFF BY
    Q6                 0.522      0.046     11.255      0.000
    Q8                 0.499      0.027     18.770      0.000
    Q9                 0.673      0.028     23.947      0.000
    Q10                0.560      0.027     21.083      0.000
    Q11                0.621      0.030     20.847      0.000

 PSY_SOC  BY
    Q15                0.836      0.047     17.651      0.000
    Q16                0.787      0.032     24.770      0.000
    Q17                0.893      0.044     20.278      0.000
    Q18                0.980      0.041     24.053      0.000
    Q19                0.733      0.033     22.280      0.000
    Q20                0.992      0.043     23.304      0.000
    Q21                1.098      0.052     21.260      0.000
    Q24                0.708      0.038     18.494      0.000

 MOV_DIFF WITH
    BODY_PAI           0.727      0.029     25.398      0.000

 PSY_SOC  WITH
    BODY_PAI           0.740      0.026     28.578      0.000
    MOV_DIFF           0.763      0.023     33.170      0.000

 Q21      WITH
    Q19               -0.085      0.021     -4.077      0.000
    Q16               -0.096      0.020     -4.736      0.000
    Q4                 0.120      0.029      4.163      0.000
    Q3                 0.135      0.039      3.513      0.000

 Q4       WITH
    Q11                0.069      0.015      4.639      0.000

 Q8       WITH
    Q15               -0.066      0.018     -3.634      0.000
    Q11                0.036      0.011      3.113      0.002

 Q17      WITH
    Q20                0.105      0.024      4.404      0.000

 Q19      WITH
    Q20                0.065      0.018      3.636      0.000

 Q20      WITH
    Q16               -0.064      0.015     -4.389      0.000

 Intercepts
    Q2                 1.332      0.051     26.308      0.000
    Q3                 1.360      0.052     26.184      0.000
    Q4                 1.212      0.048     25.360      0.000
    Q6                 0.594      0.038     15.641      0.000
    Q8                 0.348      0.030     11.617      0.000
    Q9                 0.518      0.034     15.033      0.000
    Q10                0.354      0.031     11.370      0.000
    Q11                0.450      0.035     12.943      0.000
    Q15                1.184      0.054     22.083      0.000
    Q16                0.564      0.040     14.149      0.000
    Q17                0.930      0.052     18.011      0.000
    Q18                0.838      0.051     16.512      0.000
    Q19                0.608      0.040     15.336      0.000
    Q20                1.048      0.052     20.196      0.000
    Q21                1.446      0.061     23.692      0.000
    Q24                0.736      0.044     16.812      0.000

 Variances
    BODY_PAI           1.000      0.000    999.000    999.000
    MOV_DIFF           1.000      0.000    999.000    999.000
    PSY_SOC            1.000      0.000    999.000    999.000

 Residual Variances
    Q2                 0.770      0.054     14.370      0.000
    Q3                 0.712      0.053     13.557      0.000
    Q4                 0.221      0.036      6.192      0.000
    Q6                 0.275      0.020     13.776      0.000
    Q8                 0.200      0.015     13.555      0.000
    Q9                 0.141      0.013     10.513      0.000
    Q10                0.171      0.013     12.839      0.000
    Q11                0.218      0.017     12.714      0.000
    Q15                0.739      0.049     15.065      0.000
    Q16                0.174      0.015     11.608      0.000
    Q17                0.536      0.037     14.454      0.000
    Q18                0.328      0.024     13.446      0.000
    Q19                0.248      0.019     13.207      0.000
    Q20                0.362      0.030     12.182      0.000
    Q21                0.658      0.050     13.202      0.000
    Q24                0.458      0.031     14.982      0.000


R-SQUARE

    Observed                                        Two-Tailed
    Variable        Estimate       S.E.  Est./S.E.    P-Value

    Q2                 0.400      0.038     10.470      0.000
    Q3                 0.472      0.038     12.391      0.000
    Q4                 0.807      0.033     24.793      0.000
    Q6                 0.618      0.030     20.548      0.000
    Q8                 0.554      0.034     16.134      0.000
    Q9                 0.763      0.025     30.457      0.000
    Q10                0.646      0.030     21.474      0.000
    Q11                0.639      0.031     20.711      0.000
    Q15                0.486      0.034     14.438      0.000
    Q16                0.781      0.022     36.184      0.000
    Q17                0.598      0.030     19.947      0.000
    Q18                0.745      0.022     33.795      0.000
    Q19                0.684      0.027     25.530      0.000
    Q20                0.731      0.025     29.111      0.000
    Q21                0.647      0.029     22.089      0.000
    Q24                0.522      0.033     16.066      0.000


QUALITY OF NUMERICAL RESULTS

     Condition Number for the Information Matrix              0.943E-03
       (ratio of smallest to largest eigenvalue)


MODEL MODIFICATION INDICES

NOTE:  Modification indices for direct effects of observed dependent variables
regressed on covariates may not be included.  To include these, request
MODINDICES (ALL).

Minimum M.I. value for printing the modification index    10.000

                                   M.I.     E.P.C.  Std E.P.C.  StdYX E.P.C.

BY Statements

PSY_SOC  BY Q9                    10.421    -0.159     -0.133       -0.173


TECHNICAL 4 OUTPUT


     ESTIMATES DERIVED FROM THE MODEL


           ESTIMATED MEANS FOR THE LATENT VARIABLES
              BODY_PAI      MOV_DIFF      PSY_SOC
              ________      ________      ________
                0.000         0.000         0.000


           S.E. FOR ESTIMATED MEANS FOR THE LATENT VARIABLES
              BODY_PAI      MOV_DIFF      PSY_SOC
              ________      ________      ________
                0.000         0.000         0.000


           EST./S.E. FOR ESTIMATED MEANS FOR THE LATENT VARIABLES
              BODY_PAI      MOV_DIFF      PSY_SOC
              ________      ________      ________
                0.000         0.000         0.000


           TWO-TAILED P-VALUE FOR ESTIMATED MEANS FOR THE LATENT VARIABLES
              BODY_PAI      MOV_DIFF      PSY_SOC
              ________      ________      ________
                1.000         1.000         1.000


           ESTIMATED COVARIANCE MATRIX FOR THE LATENT VARIABLES
              BODY_PAI      MOV_DIFF      PSY_SOC
              ________      ________      ________
 BODY_PAI       0.512
 MOV_DIFF       0.271         0.272
 PSY_SOC        0.442         0.333         0.698


           S.E. FOR ESTIMATED COVARIANCE MATRIX FOR THE LATENT VARIABLES
              BODY_PAI      MOV_DIFF      PSY_SOC
              ________      ________      ________
 BODY_PAI       0.069
 MOV_DIFF       0.035         0.048
 PSY_SOC        0.048         0.041         0.079


           EST./S.E. FOR ESTIMATED COVARIANCE MATRIX FOR THE LATENT VARIABLES
              BODY_PAI      MOV_DIFF      PSY_SOC
              ________      ________      ________
 BODY_PAI       7.469
 MOV_DIFF       7.644         5.627
 PSY_SOC        9.183         8.134         8.826


           TWO-TAILED P-VALUE FOR ESTIMATED COVARIANCE MATRIX FOR THE LATENT VARIABLES
              BODY_PAI      MOV_DIFF      PSY_SOC
              ________      ________      ________
 BODY_PAI       0.000
 MOV_DIFF       0.000         0.000
 PSY_SOC        0.000         0.000         0.000


           ESTIMATED CORRELATION MATRIX FOR THE LATENT VARIABLES
              BODY_PAI      MOV_DIFF      PSY_SOC
              ________      ________      ________
 BODY_PAI       1.000
 MOV_DIFF       0.727         1.000
 PSY_SOC        0.740         0.763         1.000


           S.E. FOR ESTIMATED CORRELATION MATRIX FOR THE LATENT VARIABLES
              BODY_PAI      MOV_DIFF      PSY_SOC
              ________      ________      ________
 BODY_PAI       0.000
 MOV_DIFF       0.029         0.000
 PSY_SOC        0.026         0.023         0.000


           EST./S.E. FOR ESTIMATED CORRELATION MATRIX FOR THE LATENT VARIABLES
              BODY_PAI      MOV_DIFF      PSY_SOC
              ________      ________      ________
 BODY_PAI     999.000
 MOV_DIFF      25.398       999.000
 PSY_SOC       28.578        33.170       999.000


           TWO-TAILED P-VALUE FOR ESTIMATED CORRELATION MATRIX FOR THE LATENT VARIABLES
              BODY_PAI      MOV_DIFF      PSY_SOC
              ________      ________      ________
 BODY_PAI       0.000
 MOV_DIFF       0.000         0.000
 PSY_SOC        0.000         0.000         0.000


     Beginning Time:  17:02:23
        Ending Time:  17:02:23
       Elapsed Time:  00:00:00



MUTHEN & MUTHEN
3463 Stoner Ave.
Los Angeles, CA  90066

Tel: (310) 391-9971
Fax: (310) 391-8971
Web: www.StatModel.com
Support: Support@StatModel.com

Copyright (c) 1998-2019 Muthen & Muthen
