Mplus VERSION 8.4 (Mac)
MUTHEN & MUTHEN
03/31/2020   4:53 PM

INPUT INSTRUCTIONS

  TITLE: THE STRUCTURE OF LOCOMO25
  DATA:
      FILE = "Locomo25.dat";
  VARIABLE:
       NAMES = ID Age Sex Q1-Q25 Total;
       USEVARIABLES = Q1-Q25;
       MISSING=.;
  ANALYSIS:
      ESTIMATOR = ML;

  MODEL:
         F1 BY Q1-Q25;

  OUTPUT: STANDARDIZED;
          MODINDICES;



INPUT READING TERMINATED NORMALLY



THE STRUCTURE OF LOCOMO25

SUMMARY OF ANALYSIS

Number of groups                                                 1
Number of observations                                         500

Number of dependent variables                                   25
Number of independent variables                                  0
Number of continuous latent variables                            1

Observed dependent variables

  Continuous
   Q1          Q2          Q3          Q4          Q5          Q6
   Q7          Q8          Q9          Q10         Q11         Q12
   Q13         Q14         Q15         Q16         Q17         Q18
   Q19         Q20         Q21         Q22         Q23         Q24
   Q25

Continuous latent variables
   F1


Estimator                                                       ML
Information matrix                                        OBSERVED
Maximum number of iterations                                  1000
Convergence criterion                                    0.500D-04
Maximum number of steepest descent iterations                   20
Maximum number of iterations for H1                           2000
Convergence criterion for H1                             0.100D-03

Input data file(s)
  Locomo25.dat

Input data format  FREE


SUMMARY OF DATA

     Number of missing data patterns             1


COVARIANCE COVERAGE OF DATA

Minimum covariance coverage value   0.100


     PROPORTION OF DATA PRESENT


           Covariance Coverage
              Q1            Q2            Q3            Q4            Q5
              ________      ________      ________      ________      ________
 Q1             1.000
 Q2             1.000         1.000
 Q3             1.000         1.000         1.000
 Q4             1.000         1.000         1.000         1.000
 Q5             1.000         1.000         1.000         1.000         1.000
 Q6             1.000         1.000         1.000         1.000         1.000
 Q7             1.000         1.000         1.000         1.000         1.000
 Q8             1.000         1.000         1.000         1.000         1.000
 Q9             1.000         1.000         1.000         1.000         1.000
 Q10            1.000         1.000         1.000         1.000         1.000
 Q11            1.000         1.000         1.000         1.000         1.000
 Q12            1.000         1.000         1.000         1.000         1.000
 Q13            1.000         1.000         1.000         1.000         1.000
 Q14            1.000         1.000         1.000         1.000         1.000
 Q15            1.000         1.000         1.000         1.000         1.000
 Q16            1.000         1.000         1.000         1.000         1.000
 Q17            1.000         1.000         1.000         1.000         1.000
 Q18            1.000         1.000         1.000         1.000         1.000
 Q19            1.000         1.000         1.000         1.000         1.000
 Q20            1.000         1.000         1.000         1.000         1.000
 Q21            1.000         1.000         1.000         1.000         1.000
 Q22            1.000         1.000         1.000         1.000         1.000
 Q23            1.000         1.000         1.000         1.000         1.000
 Q24            1.000         1.000         1.000         1.000         1.000
 Q25            1.000         1.000         1.000         1.000         1.000


           Covariance Coverage
              Q6            Q7            Q8            Q9            Q10
              ________      ________      ________      ________      ________
 Q6             1.000
 Q7             1.000         1.000
 Q8             1.000         1.000         1.000
 Q9             1.000         1.000         1.000         1.000
 Q10            1.000         1.000         1.000         1.000         1.000
 Q11            1.000         1.000         1.000         1.000         1.000
 Q12            1.000         1.000         1.000         1.000         1.000
 Q13            1.000         1.000         1.000         1.000         1.000
 Q14            1.000         1.000         1.000         1.000         1.000
 Q15            1.000         1.000         1.000         1.000         1.000
 Q16            1.000         1.000         1.000         1.000         1.000
 Q17            1.000         1.000         1.000         1.000         1.000
 Q18            1.000         1.000         1.000         1.000         1.000
 Q19            1.000         1.000         1.000         1.000         1.000
 Q20            1.000         1.000         1.000         1.000         1.000
 Q21            1.000         1.000         1.000         1.000         1.000
 Q22            1.000         1.000         1.000         1.000         1.000
 Q23            1.000         1.000         1.000         1.000         1.000
 Q24            1.000         1.000         1.000         1.000         1.000
 Q25            1.000         1.000         1.000         1.000         1.000


           Covariance Coverage
              Q11           Q12           Q13           Q14           Q15
              ________      ________      ________      ________      ________
 Q11            1.000
 Q12            1.000         1.000
 Q13            1.000         1.000         1.000
 Q14            1.000         1.000         1.000         1.000
 Q15            1.000         1.000         1.000         1.000         1.000
 Q16            1.000         1.000         1.000         1.000         1.000
 Q17            1.000         1.000         1.000         1.000         1.000
 Q18            1.000         1.000         1.000         1.000         1.000
 Q19            1.000         1.000         1.000         1.000         1.000
 Q20            1.000         1.000         1.000         1.000         1.000
 Q21            1.000         1.000         1.000         1.000         1.000
 Q22            1.000         1.000         1.000         1.000         1.000
 Q23            1.000         1.000         1.000         1.000         1.000
 Q24            1.000         1.000         1.000         1.000         1.000
 Q25            1.000         1.000         1.000         1.000         1.000


           Covariance Coverage
              Q16           Q17           Q18           Q19           Q20
              ________      ________      ________      ________      ________
 Q16            1.000
 Q17            1.000         1.000
 Q18            1.000         1.000         1.000
 Q19            1.000         1.000         1.000         1.000
 Q20            1.000         1.000         1.000         1.000         1.000
 Q21            1.000         1.000         1.000         1.000         1.000
 Q22            1.000         1.000         1.000         1.000         1.000
 Q23            1.000         1.000         1.000         1.000         1.000
 Q24            1.000         1.000         1.000         1.000         1.000
 Q25            1.000         1.000         1.000         1.000         1.000


           Covariance Coverage
              Q21           Q22           Q23           Q24           Q25
              ________      ________      ________      ________      ________
 Q21            1.000
 Q22            1.000         1.000
 Q23            1.000         1.000         1.000
 Q24            1.000         1.000         1.000         1.000
 Q25            1.000         1.000         1.000         1.000         1.000



UNIVARIATE SAMPLE STATISTICS


     UNIVARIATE HIGHER-ORDER MOMENT DESCRIPTIVE STATISTICS

         Variable/         Mean/     Skewness/   Minimum/ % with                Percentiles
        Sample Size      Variance    Kurtosis    Maximum  Min/Max      20%/60%    40%/80%    Median

     Q1                    1.390       0.424       0.000   26.20%       0.000      1.000      1.000
             500.000       1.290      -0.754       4.000    3.60%       2.000      2.000
     Q2                    1.332       0.473       0.000   28.20%       0.000      1.000      1.000
             500.000       1.282      -0.762       4.000    3.00%       1.000      2.000
     Q3                    1.360       0.566       0.000   27.20%       0.000      1.000      1.000
             500.000       1.342      -0.545       4.000    5.20%       1.000      2.000
     Q4                    1.212       0.508       0.000   30.80%       0.000      1.000      1.000
             500.000       1.139      -0.750       4.000    1.20%       1.000      2.000
     Q5                    0.668       1.408       0.000   56.40%       0.000      0.000      0.000
             500.000       0.850       1.424       4.000    1.00%       1.000      1.000
     Q6                    0.594       1.331       0.000   60.20%       0.000      0.000      0.000
             500.000       0.721       0.979       4.000    0.20%       0.000      1.000
     Q7                    0.502       1.556       0.000   66.00%       0.000      0.000      0.000
             500.000       0.642       1.727       4.000    0.20%       0.000      1.000
     Q8                    0.348       1.952       0.000   75.20%       0.000      0.000      0.000
             500.000       0.455       3.133       3.000    1.40%       0.000      1.000
     Q9                    0.518       1.592       0.000   62.00%       0.000      0.000      0.000
             500.000       0.594       2.598       4.000    0.60%       0.000      1.000
     Q10                   0.354       2.237       0.000   74.60%       0.000      0.000      0.000
             500.000       0.485       5.279       4.000    0.40%       0.000      1.000
     Q11                   0.450       1.869       0.000   69.00%       0.000      0.000      0.000
             500.000       0.604       3.366       4.000    0.60%       0.000      1.000
     Q12                   1.116       0.822       0.000   37.00%       0.000      1.000      1.000
             500.000       1.275      -0.215       4.000    3.60%       1.000      2.000
     Q13                   1.362       0.640       0.000   30.20%       0.000      1.000      1.000
             500.000       1.555      -0.641       4.000    7.60%       1.000      3.000
     Q14                   0.438       1.822       0.000   71.20%       0.000      0.000      0.000
             500.000       0.618       2.647       4.000    0.20%       0.000      1.000
     Q15                   1.184       0.856       0.000   36.20%       0.000      1.000      1.000
             500.000       1.442      -0.175       4.000    6.60%       1.000      2.000
     Q16                   0.564       1.766       0.000   63.20%       0.000      0.000      0.000
             500.000       0.794       2.923       4.000    1.60%       0.000      1.000
     Q17                   0.930       1.142       0.000   48.60%       0.000      0.000      1.000
             500.000       1.333       0.290       4.000    4.00%       1.000      2.000
     Q18                   0.838       1.281       0.000   54.40%       0.000      0.000      0.000
             500.000       1.288       0.673       4.000    4.00%       1.000      2.000
     Q19                   0.608       1.487       0.000   59.80%       0.000      0.000      0.000
             500.000       0.786       1.608       4.000    0.60%       1.000      1.000
     Q20                   1.048       0.950       0.000   42.20%       0.000      0.000      1.000
             500.000       1.354      -0.083       4.000    4.20%       1.000      2.000
     Q21                   1.446       0.665       0.000   29.80%       0.000      1.000      1.000
             500.000       1.859      -0.831       4.000   12.80%       1.000      3.000
     Q22                   0.778       1.436       0.000   57.20%       0.000      0.000      0.000
             500.000       1.261       1.094       4.000    4.00%       1.000      1.000
     Q23                   1.350       0.778       0.000   35.60%       0.000      1.000      1.000
             500.000       1.947      -0.712       4.000   13.80%       1.000      3.000
     Q24                   0.736       1.609       0.000   51.00%       0.000      0.000      0.000
             500.000       0.958       2.366       4.000    3.00%       1.000      1.000
     Q25                   1.160       0.940       0.000   31.40%       0.000      1.000      1.000
             500.000       1.270       0.063       4.000    4.60%       1.000      2.000


THE MODEL ESTIMATION TERMINATED NORMALLY



MODEL FIT INFORMATION

Number of Free Parameters                       75

Loglikelihood

          H0 Value                      -13793.376
          H1 Value                      -12649.526

Information Criteria

          Akaike (AIC)                   27736.751
          Bayesian (BIC)                 28052.847
          Sample-Size Adjusted BIC       27814.792
            (n* = (n + 2) / 24)

Chi-Square Test of Model Fit

          Value                           2287.699
          Degrees of Freedom                   275
          P-Value                           0.0000

RMSEA (Root Mean Square Error Of Approximation)

          Estimate                           0.121
          90 Percent C.I.                    0.116  0.126
          Probability RMSEA <= .05           0.000

CFI/TLI

          CFI                                0.797
          TLI                                0.779

Chi-Square Test of Model Fit for the Baseline Model

          Value                          10230.679
          Degrees of Freedom                   300
          P-Value                           0.0000

SRMR (Standardized Root Mean Square Residual)

          Value                              0.066



MODEL RESULTS

                                                    Two-Tailed
                    Estimate       S.E.  Est./S.E.    P-Value

 F1       BY
    Q1                 1.000      0.000    999.000    999.000
    Q2                 1.303      0.169      7.732      0.000
    Q3                 1.498      0.185      8.097      0.000
    Q4                 1.822      0.205      8.900      0.000
    Q5                 1.485      0.170      8.737      0.000
    Q6                 1.409      0.160      8.808      0.000
    Q7                 1.464      0.162      9.038      0.000
    Q8                 0.982      0.116      8.472      0.000
    Q9                 1.291      0.146      8.824      0.000
    Q10                1.112      0.128      8.702      0.000
    Q11                1.280      0.145      8.806      0.000
    Q12                1.989      0.222      8.950      0.000
    Q13                2.269      0.252      9.009      0.000
    Q14                1.412      0.157      9.003      0.000
    Q15                1.742      0.207      8.418      0.000
    Q16                1.657      0.183      9.067      0.000
    Q17                1.891      0.216      8.769      0.000
    Q18                2.082      0.230      9.033      0.000
    Q19                1.614      0.179      9.029      0.000
    Q20                2.159      0.238      9.076      0.000
    Q21                2.328      0.263      8.856      0.000
    Q22                1.431      0.178      8.031      0.000
    Q23                1.685      0.215      7.844      0.000
    Q24                1.584      0.182      8.724      0.000
    Q25                1.773      0.205      8.656      0.000

 Intercepts
    Q1                 1.390      0.051     27.367      0.000
    Q2                 1.332      0.051     26.308      0.000
    Q3                 1.360      0.052     26.247      0.000
    Q4                 1.212      0.048     25.393      0.000
    Q5                 0.668      0.041     16.204      0.000
    Q6                 0.594      0.038     15.641      0.000
    Q7                 0.502      0.036     14.010      0.000
    Q8                 0.348      0.030     11.537      0.000
    Q9                 0.518      0.034     15.033      0.000
    Q10                0.354      0.031     11.370      0.000
    Q11                0.450      0.035     12.953      0.000
    Q12                1.116      0.050     22.104      0.000
    Q13                1.362      0.056     24.423      0.000
    Q14                0.438      0.035     12.457      0.000
    Q15                1.184      0.054     22.046      0.000
    Q16                0.564      0.040     14.154      0.000
    Q17                0.930      0.052     18.011      0.000
    Q18                0.838      0.051     16.512      0.000
    Q19                0.608      0.040     15.331      0.000
    Q20                1.048      0.052     20.141      0.000
    Q21                1.446      0.061     23.714      0.000
    Q22                0.778      0.050     15.494      0.000
    Q23                1.350      0.062     21.631      0.000
    Q24                0.736      0.044     16.812      0.000
    Q25                1.160      0.050     23.013      0.000

 Variances
    F1                 0.201      0.044      4.523      0.000

 Residual Variances
    Q1                 1.089      0.069     15.714      0.000
    Q2                 0.941      0.060     15.622      0.000
    Q3                 0.892      0.057     15.535      0.000
    Q4                 0.473      0.031     15.069      0.000
    Q5                 0.407      0.027     15.219      0.000
    Q6                 0.323      0.021     15.124      0.000
    Q7                 0.212      0.014     14.719      0.000
    Q8                 0.261      0.017     15.384      0.000
    Q9                 0.259      0.017     15.046      0.000
    Q10                0.237      0.016     15.223      0.000
    Q11                0.275      0.018     15.136      0.000
    Q12                0.480      0.032     14.921      0.000
    Q13                0.522      0.035     14.716      0.000
    Q14                0.218      0.015     14.813      0.000
    Q15                0.833      0.054     15.406      0.000
    Q16                0.243      0.017     14.597      0.000
    Q17                0.616      0.041     15.160      0.000
    Q18                0.418      0.029     14.659      0.000
    Q19                0.264      0.018     14.744      0.000
    Q20                0.418      0.029     14.581      0.000
    Q21                0.771      0.051     15.025      0.000
    Q22                0.850      0.055     15.547      0.000
    Q23                1.377      0.088     15.582      0.000
    Q24                0.455      0.030     15.233      0.000
    Q25                0.639      0.042     15.287      0.000


STANDARDIZED MODEL RESULTS


STDYX Standardization

                                                    Two-Tailed
                    Estimate       S.E.  Est./S.E.    P-Value

 F1       BY
    Q1                 0.394      0.039     10.243      0.000
    Q2                 0.516      0.034     15.364      0.000
    Q3                 0.579      0.031     18.991      0.000
    Q4                 0.765      0.019     39.507      0.000
    Q5                 0.722      0.022     32.502      0.000
    Q6                 0.743      0.021     35.632      0.000
    Q7                 0.819      0.016     52.527      0.000
    Q8                 0.652      0.027     24.582      0.000
    Q9                 0.751      0.020     36.801      0.000
    Q10                0.715      0.023     31.576      0.000
    Q11                0.738      0.021     34.861      0.000
    Q12                0.789      0.018     44.686      0.000
    Q13                0.815      0.016     51.421      0.000
    Q14                0.804      0.017     48.428      0.000
    Q15                0.650      0.027     24.401      0.000
    Q16                0.833      0.015     57.461      0.000
    Q17                0.734      0.021     34.151      0.000
    Q18                0.822      0.015     53.488      0.000
    Q19                0.815      0.016     51.553      0.000
    Q20                0.831      0.015     56.718      0.000
    Q21                0.765      0.019     39.473      0.000
    Q22                0.571      0.031     18.460      0.000
    Q23                0.541      0.032     16.688      0.000
    Q24                0.725      0.022     32.987      0.000
    Q25                0.705      0.023     30.261      0.000

 Intercepts
    Q1                 1.224      0.059     20.693      0.000
    Q2                 1.177      0.058     20.224      0.000
    Q3                 1.174      0.058     20.197      0.000
    Q4                 1.136      0.057     19.800      0.000
    Q5                 0.725      0.050     14.421      0.000
    Q6                 0.699      0.050     14.020      0.000
    Q7                 0.627      0.049     12.809      0.000
    Q8                 0.516      0.048     10.839      0.000
    Q9                 0.672      0.050     13.577      0.000
    Q10                0.508      0.048     10.699      0.000
    Q11                0.579      0.048     11.986      0.000
    Q12                0.989      0.055     18.117      0.000
    Q13                1.092      0.057     19.329      0.000
    Q14                0.557      0.048     11.590      0.000
    Q15                0.986      0.055     18.085      0.000
    Q16                0.633      0.049     12.919      0.000
    Q17                0.805      0.051     15.650      0.000
    Q18                0.738      0.050     14.637      0.000
    Q19                0.686      0.050     13.796      0.000
    Q20                0.901      0.053     16.988      0.000
    Q21                1.061      0.056     18.972      0.000
    Q22                0.693      0.050     13.913      0.000
    Q23                0.967      0.054     17.854      0.000
    Q24                0.752      0.051     14.844      0.000
    Q25                1.029      0.055     18.607      0.000

 Variances
    F1                 1.000      0.000    999.000    999.000

 Residual Variances
    Q1                 0.844      0.030     27.792      0.000
    Q2                 0.734      0.035     21.199      0.000
    Q3                 0.664      0.035     18.805      0.000
    Q4                 0.415      0.030     14.028      0.000
    Q5                 0.479      0.032     14.928      0.000
    Q6                 0.448      0.031     14.450      0.000
    Q7                 0.330      0.026     12.936      0.000
    Q8                 0.575      0.035     16.601      0.000
    Q9                 0.436      0.031     14.248      0.000
    Q10                0.488      0.032     15.058      0.000
    Q11                0.455      0.031     14.546      0.000
    Q12                0.377      0.028     13.512      0.000
    Q13                0.336      0.026     12.982      0.000
    Q14                0.353      0.027     13.206      0.000
    Q15                0.578      0.035     16.685      0.000
    Q16                0.306      0.024     12.652      0.000
    Q17                0.462      0.032     14.654      0.000
    Q18                0.325      0.025     12.849      0.000
    Q19                0.335      0.026     12.999      0.000
    Q20                0.309      0.024     12.666      0.000
    Q21                0.415      0.030     13.987      0.000
    Q22                0.674      0.035     19.088      0.000
    Q23                0.707      0.035     20.160      0.000
    Q24                0.474      0.032     14.882      0.000
    Q25                0.503      0.033     15.335      0.000


STDY Standardization

                                                    Two-Tailed
                    Estimate       S.E.  Est./S.E.    P-Value

 F1       BY
    Q1                 0.394      0.039     10.243      0.000
    Q2                 0.516      0.034     15.364      0.000
    Q3                 0.579      0.031     18.991      0.000
    Q4                 0.765      0.019     39.507      0.000
    Q5                 0.722      0.022     32.502      0.000
    Q6                 0.743      0.021     35.632      0.000
    Q7                 0.819      0.016     52.527      0.000
    Q8                 0.652      0.027     24.582      0.000
    Q9                 0.751      0.020     36.801      0.000
    Q10                0.715      0.023     31.576      0.000
    Q11                0.738      0.021     34.861      0.000
    Q12                0.789      0.018     44.686      0.000
    Q13                0.815      0.016     51.421      0.000
    Q14                0.804      0.017     48.428      0.000
    Q15                0.650      0.027     24.401      0.000
    Q16                0.833      0.015     57.461      0.000
    Q17                0.734      0.021     34.151      0.000
    Q18                0.822      0.015     53.488      0.000
    Q19                0.815      0.016     51.553      0.000
    Q20                0.831      0.015     56.718      0.000
    Q21                0.765      0.019     39.473      0.000
    Q22                0.571      0.031     18.460      0.000
    Q23                0.541      0.032     16.688      0.000
    Q24                0.725      0.022     32.987      0.000
    Q25                0.705      0.023     30.261      0.000

 Intercepts
    Q1                 1.224      0.059     20.693      0.000
    Q2                 1.177      0.058     20.224      0.000
    Q3                 1.174      0.058     20.197      0.000
    Q4                 1.136      0.057     19.800      0.000
    Q5                 0.725      0.050     14.421      0.000
    Q6                 0.699      0.050     14.020      0.000
    Q7                 0.627      0.049     12.809      0.000
    Q8                 0.516      0.048     10.839      0.000
    Q9                 0.672      0.050     13.577      0.000
    Q10                0.508      0.048     10.699      0.000
    Q11                0.579      0.048     11.986      0.000
    Q12                0.989      0.055     18.117      0.000
    Q13                1.092      0.057     19.329      0.000
    Q14                0.557      0.048     11.590      0.000
    Q15                0.986      0.055     18.085      0.000
    Q16                0.633      0.049     12.919      0.000
    Q17                0.805      0.051     15.650      0.000
    Q18                0.738      0.050     14.637      0.000
    Q19                0.686      0.050     13.796      0.000
    Q20                0.901      0.053     16.988      0.000
    Q21                1.061      0.056     18.972      0.000
    Q22                0.693      0.050     13.913      0.000
    Q23                0.967      0.054     17.854      0.000
    Q24                0.752      0.051     14.844      0.000
    Q25                1.029      0.055     18.607      0.000

 Variances
    F1                 1.000      0.000    999.000    999.000

 Residual Variances
    Q1                 0.844      0.030     27.792      0.000
    Q2                 0.734      0.035     21.199      0.000
    Q3                 0.664      0.035     18.805      0.000
    Q4                 0.415      0.030     14.028      0.000
    Q5                 0.479      0.032     14.928      0.000
    Q6                 0.448      0.031     14.450      0.000
    Q7                 0.330      0.026     12.936      0.000
    Q8                 0.575      0.035     16.601      0.000
    Q9                 0.436      0.031     14.248      0.000
    Q10                0.488      0.032     15.058      0.000
    Q11                0.455      0.031     14.546      0.000
    Q12                0.377      0.028     13.512      0.000
    Q13                0.336      0.026     12.982      0.000
    Q14                0.353      0.027     13.206      0.000
    Q15                0.578      0.035     16.685      0.000
    Q16                0.306      0.024     12.652      0.000
    Q17                0.462      0.032     14.654      0.000
    Q18                0.325      0.025     12.849      0.000
    Q19                0.335      0.026     12.999      0.000
    Q20                0.309      0.024     12.666      0.000
    Q21                0.415      0.030     13.987      0.000
    Q22                0.674      0.035     19.088      0.000
    Q23                0.707      0.035     20.160      0.000
    Q24                0.474      0.032     14.882      0.000
    Q25                0.503      0.033     15.335      0.000


STD Standardization

                                                    Two-Tailed
                    Estimate       S.E.  Est./S.E.    P-Value

 F1       BY
    Q1                 0.448      0.050      9.046      0.000
    Q2                 0.584      0.048     12.213      0.000
    Q3                 0.671      0.048     14.001      0.000
    Q4                 0.816      0.041     20.116      0.000
    Q5                 0.666      0.036     18.556      0.000
    Q6                 0.631      0.033     19.305      0.000
    Q7                 0.656      0.029     22.236      0.000
    Q8                 0.440      0.027     16.213      0.000
    Q9                 0.578      0.030     19.570      0.000
    Q10                0.498      0.027     18.321      0.000
    Q11                0.574      0.030     19.130      0.000
    Q12                0.891      0.042     21.061      0.000
    Q13                1.016      0.046     22.090      0.000
    Q14                0.632      0.029     21.656      0.000
    Q15                0.780      0.048     16.148      0.000
    Q16                0.742      0.032     22.855      0.000
    Q17                0.847      0.045     18.962      0.000
    Q18                0.933      0.042     22.369      0.000
    Q19                0.723      0.033     22.104      0.000
    Q20                0.967      0.042     22.772      0.000
    Q21                1.043      0.052     20.116      0.000
    Q22                0.641      0.047     13.759      0.000
    Q23                0.755      0.059     12.904      0.000
    Q24                0.710      0.038     18.674      0.000
    Q25                0.794      0.044     17.964      0.000

 Intercepts
    Q1                 1.390      0.051     27.367      0.000
    Q2                 1.332      0.051     26.308      0.000
    Q3                 1.360      0.052     26.247      0.000
    Q4                 1.212      0.048     25.393      0.000
    Q5                 0.668      0.041     16.204      0.000
    Q6                 0.594      0.038     15.641      0.000
    Q7                 0.502      0.036     14.010      0.000
    Q8                 0.348      0.030     11.537      0.000
    Q9                 0.518      0.034     15.033      0.000
    Q10                0.354      0.031     11.370      0.000
    Q11                0.450      0.035     12.953      0.000
    Q12                1.116      0.050     22.104      0.000
    Q13                1.362      0.056     24.423      0.000
    Q14                0.438      0.035     12.457      0.000
    Q15                1.184      0.054     22.046      0.000
    Q16                0.564      0.040     14.154      0.000
    Q17                0.930      0.052     18.011      0.000
    Q18                0.838      0.051     16.512      0.000
    Q19                0.608      0.040     15.331      0.000
    Q20                1.048      0.052     20.141      0.000
    Q21                1.446      0.061     23.714      0.000
    Q22                0.778      0.050     15.494      0.000
    Q23                1.350      0.062     21.631      0.000
    Q24                0.736      0.044     16.812      0.000
    Q25                1.160      0.050     23.013      0.000

 Variances
    F1                 1.000      0.000    999.000    999.000

 Residual Variances
    Q1                 1.089      0.069     15.714      0.000
    Q2                 0.941      0.060     15.622      0.000
    Q3                 0.892      0.057     15.535      0.000
    Q4                 0.473      0.031     15.069      0.000
    Q5                 0.407      0.027     15.219      0.000
    Q6                 0.323      0.021     15.124      0.000
    Q7                 0.212      0.014     14.719      0.000
    Q8                 0.261      0.017     15.384      0.000
    Q9                 0.259      0.017     15.046      0.000
    Q10                0.237      0.016     15.223      0.000
    Q11                0.275      0.018     15.136      0.000
    Q12                0.480      0.032     14.921      0.000
    Q13                0.522      0.035     14.716      0.000
    Q14                0.218      0.015     14.813      0.000
    Q15                0.833      0.054     15.406      0.000
    Q16                0.243      0.017     14.597      0.000
    Q17                0.616      0.041     15.160      0.000
    Q18                0.418      0.029     14.659      0.000
    Q19                0.264      0.018     14.744      0.000
    Q20                0.418      0.029     14.581      0.000
    Q21                0.771      0.051     15.025      0.000
    Q22                0.850      0.055     15.547      0.000
    Q23                1.377      0.088     15.582      0.000
    Q24                0.455      0.030     15.233      0.000
    Q25                0.639      0.042     15.287      0.000


R-SQUARE

    Observed                                        Two-Tailed
    Variable        Estimate       S.E.  Est./S.E.    P-Value

    Q1                 0.156      0.030      5.122      0.000
    Q2                 0.266      0.035      7.682      0.000
    Q3                 0.336      0.035      9.496      0.000
    Q4                 0.585      0.030     19.754      0.000
    Q5                 0.521      0.032     16.251      0.000
    Q6                 0.552      0.031     17.816      0.000
    Q7                 0.670      0.026     26.263      0.000
    Q8                 0.425      0.035     12.291      0.000
    Q9                 0.564      0.031     18.401      0.000
    Q10                0.512      0.032     15.788      0.000
    Q11                0.545      0.031     17.430      0.000
    Q12                0.623      0.028     22.343      0.000
    Q13                0.664      0.026     25.711      0.000
    Q14                0.647      0.027     24.214      0.000
    Q15                0.422      0.035     12.200      0.000
    Q16                0.694      0.024     28.730      0.000
    Q17                0.538      0.032     17.076      0.000
    Q18                0.675      0.025     26.744      0.000
    Q19                0.665      0.026     25.777      0.000
    Q20                0.691      0.024     28.359      0.000
    Q21                0.585      0.030     19.737      0.000
    Q22                0.326      0.035      9.230      0.000
    Q23                0.293      0.035      8.344      0.000
    Q24                0.526      0.032     16.493      0.000
    Q25                0.497      0.033     15.131      0.000


QUALITY OF NUMERICAL RESULTS

     Condition Number for the Information Matrix              0.237E-03
       (ratio of smallest to largest eigenvalue)


MODEL MODIFICATION INDICES

NOTE:  Modification indices for direct effects of observed dependent variables
regressed on covariates may not be included.  To include these, request
MODINDICES (ALL).

Minimum M.I. value for printing the modification index    10.000

                                   M.I.     E.P.C.  Std E.P.C.  StdYX E.P.C.

WITH Statements

Q2       WITH Q1                  63.978     0.365      0.365        0.361
Q3       WITH Q1                  10.749     0.146      0.146        0.148
Q3       WITH Q2                  24.666     0.206      0.206        0.225
Q4       WITH Q1                  25.432     0.166      0.166        0.232
Q4       WITH Q2                  51.115     0.220      0.220        0.329
Q4       WITH Q3                  53.608     0.220      0.220        0.338
Q5       WITH Q4                  16.032     0.082      0.082        0.187
Q6       WITH Q5                  27.205     0.088      0.088        0.243
Q7       WITH Q6                  31.487     0.070      0.070        0.266
Q8       WITH Q1                  22.380     0.115      0.115        0.215
Q8       WITH Q5                  19.706     0.067      0.067        0.205
Q8       WITH Q6                  25.693     0.068      0.068        0.234
Q9       WITH Q5                  19.165     0.066      0.066        0.204
Q9       WITH Q6                  35.033     0.080      0.080        0.277
Q9       WITH Q7                  20.384     0.050      0.050        0.214
Q9       WITH Q8                  63.053     0.096      0.096        0.368
Q10      WITH Q5                  10.843     0.047      0.047        0.153
Q10      WITH Q6                  15.918     0.051      0.051        0.186
Q10      WITH Q7                  12.574     0.037      0.037        0.167
Q10      WITH Q8                  26.648     0.059      0.059        0.238
Q10      WITH Q9                  85.810     0.107      0.107        0.431
Q11      WITH Q1                  12.803     0.090      0.090        0.164
Q11      WITH Q5                  27.740     0.082      0.082        0.245
Q11      WITH Q8                  70.143     0.104      0.104        0.387
Q11      WITH Q9                  58.169     0.095      0.095        0.356
Q11      WITH Q10                 19.987     0.053      0.053        0.208
Q12      WITH Q3                  14.140     0.114      0.114        0.174
Q12      WITH Q6                  24.407     0.092      0.092        0.232
Q12      WITH Q7                  11.508     0.052      0.052        0.162
Q12      WITH Q9                  10.441     0.054      0.054        0.152
Q12      WITH Q11                 13.778    -0.063     -0.063       -0.174
Q13      WITH Q1                  14.213    -0.132     -0.132       -0.175
Q13      WITH Q3                  12.521     0.113      0.113        0.165
Q13      WITH Q8                  46.231    -0.118     -0.118       -0.319
Q13      WITH Q11                 28.826    -0.096     -0.096       -0.254
Q13      WITH Q12                 64.277     0.192      0.192        0.383
Q14      WITH Q3                  19.700    -0.091     -0.091       -0.207
Q14      WITH Q5                  10.236     0.045      0.045        0.151
Q14      WITH Q8                  29.357     0.060      0.060        0.253
Q14      WITH Q9                  37.088     0.068      0.068        0.288
Q14      WITH Q10                 28.900     0.057      0.057        0.253
Q14      WITH Q11                 35.876     0.069      0.069        0.283
Q14      WITH Q13                 27.208    -0.084     -0.084       -0.250
Q15      WITH Q5                  11.155    -0.090     -0.090       -0.154
Q15      WITH Q8                  40.364    -0.136     -0.136       -0.291
Q15      WITH Q9                  21.353    -0.099     -0.099       -0.214
Q15      WITH Q10                 25.795    -0.104     -0.104       -0.234
Q15      WITH Q11                 14.359    -0.084     -0.084       -0.175
Q15      WITH Q13                 31.565     0.174      0.174        0.263
Q15      WITH Q14                 15.667    -0.079     -0.079       -0.185
Q16      WITH Q4                  15.299    -0.063     -0.063       -0.187
Q16      WITH Q5                  11.469    -0.051     -0.051       -0.161
Q16      WITH Q8                  10.637    -0.039     -0.039       -0.154
Q16      WITH Q9                  20.461    -0.054     -0.054       -0.216
Q16      WITH Q11                 13.324    -0.045     -0.045       -0.174
Q16      WITH Q15                 24.666     0.105      0.105        0.234
Q17      WITH Q3                  12.350    -0.120     -0.120       -0.162
Q17      WITH Q4                  12.752    -0.090     -0.090       -0.167
Q17      WITH Q6                  16.151    -0.084     -0.084       -0.187
Q17      WITH Q7                  11.763    -0.059     -0.059       -0.162
Q17      WITH Q9                  23.894    -0.091     -0.091       -0.228
Q17      WITH Q10                 17.671    -0.075     -0.075       -0.195
Q17      WITH Q11                 12.454    -0.068     -0.068       -0.164
Q17      WITH Q12                 14.030    -0.096     -0.096       -0.176
Q17      WITH Q15                 15.940     0.132      0.132        0.184
Q17      WITH Q16                 12.134     0.064      0.064        0.166
Q18      WITH Q3                  16.345    -0.115     -0.115       -0.189
Q18      WITH Q6                  12.286    -0.061     -0.061       -0.166
Q18      WITH Q7                  12.912    -0.052     -0.052       -0.173
Q18      WITH Q8                  24.662    -0.077     -0.077       -0.233
Q18      WITH Q9                  31.330    -0.087     -0.087       -0.266
Q18      WITH Q11                 10.370    -0.052     -0.052       -0.153
Q18      WITH Q15                 22.009     0.130      0.130        0.220
Q18      WITH Q16                 50.013     0.109      0.109        0.343
Q18      WITH Q17                 13.501     0.088      0.088        0.174
Q19      WITH Q3                  28.063    -0.120     -0.120       -0.247
Q19      WITH Q9                  11.351    -0.042     -0.042       -0.160
Q19      WITH Q12                 14.549    -0.065     -0.065       -0.182
Q19      WITH Q13                 11.803    -0.061     -0.061       -0.165
Q19      WITH Q14                 11.835     0.040      0.040        0.165
Q19      WITH Q17                 17.937     0.081      0.081        0.200
Q19      WITH Q18                 12.229     0.056      0.056        0.168
Q20      WITH Q3                  13.722    -0.106     -0.106       -0.174
Q20      WITH Q6                  11.745    -0.060     -0.060       -0.163
Q20      WITH Q7                  27.509    -0.076     -0.076       -0.254
Q20      WITH Q9                  25.976    -0.080     -0.080       -0.243
Q20      WITH Q10                 22.392    -0.071     -0.071       -0.224
Q20      WITH Q17                 75.877     0.210      0.210        0.414
Q20      WITH Q19                 56.700     0.121      0.121        0.364
Q21      WITH Q1                  15.127    -0.164     -0.164       -0.179
Q21      WITH Q5                  10.603    -0.085     -0.085       -0.152
Q21      WITH Q6                  24.329    -0.115     -0.115       -0.231
Q21      WITH Q7                  23.261    -0.093     -0.093       -0.229
Q21      WITH Q8                  20.702    -0.095     -0.095       -0.211
Q21      WITH Q10                 19.772    -0.089     -0.089       -0.207
Q21      WITH Q11                 11.595    -0.073     -0.073       -0.159
Q21      WITH Q13                 52.939     0.219      0.219        0.346
Q21      WITH Q14                 17.798    -0.082     -0.082       -0.200
Q21      WITH Q15                 34.119     0.217      0.217        0.271
Q21      WITH Q18                 15.344     0.106      0.106        0.186
Q22      WITH Q5                  12.433    -0.095     -0.095       -0.162
Q22      WITH Q6                  32.930    -0.138     -0.138       -0.264
Q22      WITH Q7                  13.568    -0.073     -0.073       -0.172
Q22      WITH Q9                  12.426    -0.076     -0.076       -0.162
Q22      WITH Q12                 16.377    -0.120     -0.120       -0.188
Q22      WITH Q18                 40.417     0.177      0.177        0.297
Q22      WITH Q21                 11.014     0.124      0.124        0.153
Q23      WITH Q5                  15.438    -0.135     -0.135       -0.180
Q23      WITH Q6                  30.532    -0.169     -0.169       -0.254
Q23      WITH Q8                  12.197    -0.096     -0.096       -0.159
Q23      WITH Q9                  17.963    -0.117     -0.117       -0.195
Q23      WITH Q11                 12.475    -0.100     -0.100       -0.162
Q23      WITH Q12                 10.070    -0.120     -0.120       -0.147
Q23      WITH Q14                 13.536    -0.094     -0.094       -0.171
Q23      WITH Q18                 20.293     0.159      0.159        0.210
Q23      WITH Q21                 52.644     0.345      0.345        0.335
Q23      WITH Q22                135.843     0.572      0.572        0.529
Q24      WITH Q5                  14.284    -0.075     -0.075       -0.176
Q25      WITH Q3                  27.670     0.182      0.182        0.241
Q25      WITH Q10                 12.023    -0.062     -0.062       -0.161
Q25      WITH Q11                 16.618    -0.079     -0.079       -0.189
Q25      WITH Q13                 18.918     0.118      0.118        0.205
Q25      WITH Q14                 14.451    -0.067     -0.067       -0.179
Q25      WITH Q24                 51.203     0.179      0.179        0.332


     Beginning Time:  16:53:55
        Ending Time:  16:53:55
       Elapsed Time:  00:00:00



MUTHEN & MUTHEN
3463 Stoner Ave.
Los Angeles, CA  90066

Tel: (310) 391-9971
Fax: (310) 391-8971
Web: www.StatModel.com
Support: Support@StatModel.com

Copyright (c) 1998-2019 Muthen & Muthen
