Mplus VERSION 8.4 (Mac)
MUTHEN & MUTHEN
03/31/2020   4:57 PM

INPUT INSTRUCTIONS

  TITLE: THE STRUCTURE OF LOCOMO25
  DATA:
      FILE = "Locomo25.dat";
  VARIABLE:
       NAMES = ID Age Sex Q1-Q25 Total;
       USEVARIABLES = Q1-Q25;
       auxiliary = Total;
       MISSING=.;
  ANALYSIS:
      ESTIMATOR = ML;

  MODEL:
        Body_pain   BY Q1  Q2  Q3  Q4;
        Mov_diff    BY Q5  Q6  Q7 ;
        Usual_care  BY Q8  Q9  Q10  Q11  Q14;
        Activities  BY Q12  Q13  Q15  Q16  Q17  Q19  Q20 ;
        Social      BY Q18  Q21  Q22  Q23 ;
        Cognitive  BY Q24  Q25;


  OUTPUT: STANDARDIZED;
          MODINDICES;



INPUT READING TERMINATED NORMALLY



THE STRUCTURE OF LOCOMO25

SUMMARY OF ANALYSIS

Number of groups                                                 1
Number of observations                                         500

Number of dependent variables                                   25
Number of independent variables                                  0
Number of continuous latent variables                            6

Observed dependent variables

  Continuous
   Q1          Q2          Q3          Q4          Q5          Q6
   Q7          Q8          Q9          Q10         Q11         Q12
   Q13         Q14         Q15         Q16         Q17         Q18
   Q19         Q20         Q21         Q22         Q23         Q24
   Q25

Observed auxiliary variables
   TOTAL

Continuous latent variables
   BODY_PAI    MOV_DIFF    USUAL_CA    ACTIVITI    SOCIAL      COGNITIV


Estimator                                                       ML
Information matrix                                        OBSERVED
Maximum number of iterations                                  1000
Convergence criterion                                    0.500D-04
Maximum number of steepest descent iterations                   20
Maximum number of iterations for H1                           2000
Convergence criterion for H1                             0.100D-03

Input data file(s)
  Locomo25.dat

Input data format  FREE


SUMMARY OF DATA

     Number of missing data patterns             1


COVARIANCE COVERAGE OF DATA

Minimum covariance coverage value   0.100


     PROPORTION OF DATA PRESENT


           Covariance Coverage
              Q1            Q2            Q3            Q4            Q5
              ________      ________      ________      ________      ________
 Q1             1.000
 Q2             1.000         1.000
 Q3             1.000         1.000         1.000
 Q4             1.000         1.000         1.000         1.000
 Q5             1.000         1.000         1.000         1.000         1.000
 Q6             1.000         1.000         1.000         1.000         1.000
 Q7             1.000         1.000         1.000         1.000         1.000
 Q8             1.000         1.000         1.000         1.000         1.000
 Q9             1.000         1.000         1.000         1.000         1.000
 Q10            1.000         1.000         1.000         1.000         1.000
 Q11            1.000         1.000         1.000         1.000         1.000
 Q12            1.000         1.000         1.000         1.000         1.000
 Q13            1.000         1.000         1.000         1.000         1.000
 Q14            1.000         1.000         1.000         1.000         1.000
 Q15            1.000         1.000         1.000         1.000         1.000
 Q16            1.000         1.000         1.000         1.000         1.000
 Q17            1.000         1.000         1.000         1.000         1.000
 Q18            1.000         1.000         1.000         1.000         1.000
 Q19            1.000         1.000         1.000         1.000         1.000
 Q20            1.000         1.000         1.000         1.000         1.000
 Q21            1.000         1.000         1.000         1.000         1.000
 Q22            1.000         1.000         1.000         1.000         1.000
 Q23            1.000         1.000         1.000         1.000         1.000
 Q24            1.000         1.000         1.000         1.000         1.000
 Q25            1.000         1.000         1.000         1.000         1.000


           Covariance Coverage
              Q6            Q7            Q8            Q9            Q10
              ________      ________      ________      ________      ________
 Q6             1.000
 Q7             1.000         1.000
 Q8             1.000         1.000         1.000
 Q9             1.000         1.000         1.000         1.000
 Q10            1.000         1.000         1.000         1.000         1.000
 Q11            1.000         1.000         1.000         1.000         1.000
 Q12            1.000         1.000         1.000         1.000         1.000
 Q13            1.000         1.000         1.000         1.000         1.000
 Q14            1.000         1.000         1.000         1.000         1.000
 Q15            1.000         1.000         1.000         1.000         1.000
 Q16            1.000         1.000         1.000         1.000         1.000
 Q17            1.000         1.000         1.000         1.000         1.000
 Q18            1.000         1.000         1.000         1.000         1.000
 Q19            1.000         1.000         1.000         1.000         1.000
 Q20            1.000         1.000         1.000         1.000         1.000
 Q21            1.000         1.000         1.000         1.000         1.000
 Q22            1.000         1.000         1.000         1.000         1.000
 Q23            1.000         1.000         1.000         1.000         1.000
 Q24            1.000         1.000         1.000         1.000         1.000
 Q25            1.000         1.000         1.000         1.000         1.000


           Covariance Coverage
              Q11           Q12           Q13           Q14           Q15
              ________      ________      ________      ________      ________
 Q11            1.000
 Q12            1.000         1.000
 Q13            1.000         1.000         1.000
 Q14            1.000         1.000         1.000         1.000
 Q15            1.000         1.000         1.000         1.000         1.000
 Q16            1.000         1.000         1.000         1.000         1.000
 Q17            1.000         1.000         1.000         1.000         1.000
 Q18            1.000         1.000         1.000         1.000         1.000
 Q19            1.000         1.000         1.000         1.000         1.000
 Q20            1.000         1.000         1.000         1.000         1.000
 Q21            1.000         1.000         1.000         1.000         1.000
 Q22            1.000         1.000         1.000         1.000         1.000
 Q23            1.000         1.000         1.000         1.000         1.000
 Q24            1.000         1.000         1.000         1.000         1.000
 Q25            1.000         1.000         1.000         1.000         1.000


           Covariance Coverage
              Q16           Q17           Q18           Q19           Q20
              ________      ________      ________      ________      ________
 Q16            1.000
 Q17            1.000         1.000
 Q18            1.000         1.000         1.000
 Q19            1.000         1.000         1.000         1.000
 Q20            1.000         1.000         1.000         1.000         1.000
 Q21            1.000         1.000         1.000         1.000         1.000
 Q22            1.000         1.000         1.000         1.000         1.000
 Q23            1.000         1.000         1.000         1.000         1.000
 Q24            1.000         1.000         1.000         1.000         1.000
 Q25            1.000         1.000         1.000         1.000         1.000


           Covariance Coverage
              Q21           Q22           Q23           Q24           Q25
              ________      ________      ________      ________      ________
 Q21            1.000
 Q22            1.000         1.000
 Q23            1.000         1.000         1.000
 Q24            1.000         1.000         1.000         1.000
 Q25            1.000         1.000         1.000         1.000         1.000



UNIVARIATE SAMPLE STATISTICS


     UNIVARIATE HIGHER-ORDER MOMENT DESCRIPTIVE STATISTICS

         Variable/         Mean/     Skewness/   Minimum/ % with                Percentiles
        Sample Size      Variance    Kurtosis    Maximum  Min/Max      20%/60%    40%/80%    Median

     Q1                    1.390       0.424       0.000   26.20%       0.000      1.000      1.000
             500.000       1.290      -0.754       4.000    3.60%       2.000      2.000
     Q2                    1.332       0.473       0.000   28.20%       0.000      1.000      1.000
             500.000       1.282      -0.762       4.000    3.00%       1.000      2.000
     Q3                    1.360       0.566       0.000   27.20%       0.000      1.000      1.000
             500.000       1.342      -0.545       4.000    5.20%       1.000      2.000
     Q4                    1.212       0.508       0.000   30.80%       0.000      1.000      1.000
             500.000       1.139      -0.750       4.000    1.20%       1.000      2.000
     Q5                    0.668       1.408       0.000   56.40%       0.000      0.000      0.000
             500.000       0.850       1.424       4.000    1.00%       1.000      1.000
     Q6                    0.594       1.331       0.000   60.20%       0.000      0.000      0.000
             500.000       0.721       0.979       4.000    0.20%       0.000      1.000
     Q7                    0.502       1.556       0.000   66.00%       0.000      0.000      0.000
             500.000       0.642       1.727       4.000    0.20%       0.000      1.000
     Q8                    0.348       1.952       0.000   75.20%       0.000      0.000      0.000
             500.000       0.455       3.133       3.000    1.40%       0.000      1.000
     Q9                    0.518       1.592       0.000   62.00%       0.000      0.000      0.000
             500.000       0.594       2.598       4.000    0.60%       0.000      1.000
     Q10                   0.354       2.237       0.000   74.60%       0.000      0.000      0.000
             500.000       0.485       5.279       4.000    0.40%       0.000      1.000
     Q11                   0.450       1.869       0.000   69.00%       0.000      0.000      0.000
             500.000       0.604       3.366       4.000    0.60%       0.000      1.000
     Q12                   1.116       0.822       0.000   37.00%       0.000      1.000      1.000
             500.000       1.275      -0.215       4.000    3.60%       1.000      2.000
     Q13                   1.362       0.640       0.000   30.20%       0.000      1.000      1.000
             500.000       1.555      -0.641       4.000    7.60%       1.000      3.000
     Q14                   0.438       1.822       0.000   71.20%       0.000      0.000      0.000
             500.000       0.618       2.647       4.000    0.20%       0.000      1.000
     Q15                   1.184       0.856       0.000   36.20%       0.000      1.000      1.000
             500.000       1.442      -0.175       4.000    6.60%       1.000      2.000
     Q16                   0.564       1.766       0.000   63.20%       0.000      0.000      0.000
             500.000       0.794       2.923       4.000    1.60%       0.000      1.000
     Q17                   0.930       1.142       0.000   48.60%       0.000      0.000      1.000
             500.000       1.333       0.290       4.000    4.00%       1.000      2.000
     Q18                   0.838       1.281       0.000   54.40%       0.000      0.000      0.000
             500.000       1.288       0.673       4.000    4.00%       1.000      2.000
     Q19                   0.608       1.487       0.000   59.80%       0.000      0.000      0.000
             500.000       0.786       1.608       4.000    0.60%       1.000      1.000
     Q20                   1.048       0.950       0.000   42.20%       0.000      0.000      1.000
             500.000       1.354      -0.083       4.000    4.20%       1.000      2.000
     Q21                   1.446       0.665       0.000   29.80%       0.000      1.000      1.000
             500.000       1.859      -0.831       4.000   12.80%       1.000      3.000
     Q22                   0.778       1.436       0.000   57.20%       0.000      0.000      0.000
             500.000       1.261       1.094       4.000    4.00%       1.000      1.000
     Q23                   1.350       0.778       0.000   35.60%       0.000      1.000      1.000
             500.000       1.947      -0.712       4.000   13.80%       1.000      3.000
     Q24                   0.736       1.609       0.000   51.00%       0.000      0.000      0.000
             500.000       0.958       2.366       4.000    3.00%       1.000      1.000
     Q25                   1.160       0.940       0.000   31.40%       0.000      1.000      1.000
             500.000       1.270       0.063       4.000    4.60%       1.000      2.000


THE MODEL ESTIMATION TERMINATED NORMALLY



MODEL FIT INFORMATION

Number of Free Parameters                       90

Loglikelihood

          H0 Value                      -13316.005
          H1 Value                      -12649.526

Information Criteria

          Akaike (AIC)                   26812.009
          Bayesian (BIC)                 27191.324
          Sample-Size Adjusted BIC       26905.658
            (n* = (n + 2) / 24)

Chi-Square Test of Model Fit

          Value                           1332.957
          Degrees of Freedom                   260
          P-Value                           0.0000

RMSEA (Root Mean Square Error Of Approximation)

          Estimate                           0.091
          90 Percent C.I.                    0.086  0.096
          Probability RMSEA <= .05           0.000

CFI/TLI

          CFI                                0.892
          TLI                                0.875

Chi-Square Test of Model Fit for the Baseline Model

          Value                          10230.679
          Degrees of Freedom                   300
          P-Value                           0.0000

SRMR (Standardized Root Mean Square Residual)

          Value                              0.049



MODEL RESULTS

                                                    Two-Tailed
                    Estimate       S.E.  Est./S.E.    P-Value

 BODY_PAI BY
    Q1                 1.000      0.000    999.000    999.000
    Q2                 1.281      0.128      9.986      0.000
    Q3                 1.416      0.139     10.180      0.000
    Q4                 1.713      0.153     11.193      0.000

 MOV_DIFF BY
    Q5                 1.000      0.000    999.000    999.000
    Q6                 0.954      0.049     19.375      0.000
    Q7                 0.957      0.046     20.750      0.000

 USUAL_CA BY
    Q8                 1.000      0.000    999.000    999.000
    Q9                 1.297      0.063     20.449      0.000
    Q10                1.088      0.058     18.635      0.000
    Q11                1.243      0.064     19.358      0.000
    Q14                1.295      0.065     19.808      0.000

 ACTIVITI BY
    Q12                1.000      0.000    999.000    999.000
    Q13                1.180      0.056     21.056      0.000
    Q15                0.948      0.057     16.603      0.000
    Q16                0.862      0.040     21.390      0.000
    Q17                1.010      0.054     18.639      0.000
    Q19                0.828      0.041     20.322      0.000
    Q20                1.122      0.053     21.187      0.000

 SOCIAL   BY
    Q18                1.000      0.000    999.000    999.000
    Q21                1.137      0.049     23.318      0.000
    Q22                0.746      0.045     16.663      0.000
    Q23                0.911      0.057     16.035      0.000

 COGNITIV BY
    Q24                1.000      0.000    999.000    999.000
    Q25                1.117      0.060     18.729      0.000

 MOV_DIFF WITH
    BODY_PAIN          0.338      0.040      8.551      0.000

 USUAL_CA WITH
    BODY_PAIN          0.213      0.026      8.195      0.000
    MOV_DIFF           0.342      0.030     11.583      0.000

 ACTIVITI WITH
    BODY_PAIN          0.388      0.046      8.441      0.000
    MOV_DIFF           0.556      0.048     11.518      0.000
    USUAL_CARE         0.368      0.033     11.081      0.000

 SOCIAL   WITH
    BODY_PAIN          0.413      0.049      8.514      0.000
    MOV_DIFF           0.535      0.049     10.986      0.000
    USUAL_CARE         0.371      0.034     10.848      0.000
    ACTIVITIES         0.827      0.066     12.544      0.000

 COGNITIV WITH
    BODY_PAIN          0.329      0.040      8.287      0.000
    MOV_DIFF           0.459      0.042     11.033      0.000
    USUAL_CARE         0.296      0.029     10.305      0.000
    ACTIVITIES         0.627      0.054     11.681      0.000
    SOCIAL             0.672      0.057     11.877      0.000

 Intercepts
    Q1                 1.390      0.051     27.367      0.000
    Q2                 1.332      0.051     26.308      0.000
    Q3                 1.360      0.052     26.247      0.000
    Q4                 1.212      0.048     25.393      0.000
    Q5                 0.668      0.041     16.204      0.000
    Q6                 0.594      0.038     15.641      0.000
    Q7                 0.502      0.036     14.009      0.000
    Q8                 0.348      0.030     11.537      0.000
    Q9                 0.518      0.034     15.033      0.000
    Q10                0.354      0.031     11.370      0.000
    Q11                0.450      0.035     12.953      0.000
    Q12                1.116      0.050     22.104      0.000
    Q13                1.362      0.056     24.423      0.000
    Q14                0.438      0.035     12.457      0.000
    Q15                1.184      0.054     22.046      0.000
    Q16                0.564      0.040     14.154      0.000
    Q17                0.930      0.052     18.011      0.000
    Q18                0.838      0.051     16.512      0.000
    Q19                0.608      0.040     15.331      0.000
    Q20                1.048      0.052     20.141      0.000
    Q21                1.446      0.061     23.714      0.000
    Q22                0.778      0.050     15.494      0.000
    Q23                1.350      0.062     21.631      0.000
    Q24                0.736      0.044     16.812      0.000
    Q25                1.160      0.050     23.013      0.000

 Variances
    BODY_PAIN          0.315      0.057      5.564      0.000
    MOV_DIFF           0.508      0.050     10.088      0.000
    USUAL_CARE         0.261      0.027      9.783      0.000
    ACTIVITIES         0.774      0.075     10.277      0.000
    SOCIAL             0.983      0.081     12.076      0.000
    COGNITIVE          0.654      0.062     10.511      0.000

 Residual Variances
    Q1                 0.975      0.064     15.119      0.000
    Q2                 0.764      0.053     14.364      0.000
    Q3                 0.710      0.051     13.870      0.000
    Q4                 0.214      0.030      7.066      0.000
    Q5                 0.341      0.024     14.128      0.000
    Q6                 0.258      0.019     13.295      0.000
    Q7                 0.177      0.014     12.456      0.000
    Q8                 0.194      0.014     14.216      0.000
    Q9                 0.154      0.012     12.395      0.000
    Q10                0.175      0.013     13.767      0.000
    Q11                0.200      0.015     13.434      0.000
    Q12                0.500      0.034     14.558      0.000
    Q13                0.477      0.034     14.014      0.000
    Q14                0.180      0.014     12.842      0.000
    Q15                0.746      0.049     15.088      0.000
    Q16                0.219      0.016     13.880      0.000
    Q17                0.544      0.037     14.629      0.000
    Q18                0.305      0.027     11.222      0.000
    Q19                0.255      0.018     14.161      0.000
    Q20                0.380      0.028     13.782      0.000
    Q21                0.587      0.046     12.776      0.000
    Q22                0.713      0.049     14.560      0.000
    Q23                1.132      0.078     14.581      0.000
    Q24                0.305      0.031      9.951      0.000
    Q25                0.455      0.041     11.003      0.000


STANDARDIZED MODEL RESULTS


STDYX Standardization

                                                    Two-Tailed
                    Estimate       S.E.  Est./S.E.    P-Value

 BODY_PAI BY
    Q1                 0.494      0.037     13.405      0.000
    Q2                 0.635      0.030     21.215      0.000
    Q3                 0.686      0.027     25.273      0.000
    Q4                 0.901      0.016     57.745      0.000

 MOV_DIFF BY
    Q5                 0.774      0.020     39.128      0.000
    Q6                 0.801      0.018     43.490      0.000
    Q7                 0.851      0.015     58.020      0.000

 USUAL_CA BY
    Q8                 0.758      0.021     36.249      0.000
    Q9                 0.861      0.014     62.238      0.000
    Q10                0.799      0.018     44.146      0.000
    Q11                0.818      0.017     48.643      0.000
    Q14                0.842      0.015     55.490      0.000

 ACTIVITI BY
    Q12                0.779      0.019     41.444      0.000
    Q13                0.832      0.015     55.403      0.000
    Q15                0.695      0.024     28.601      0.000
    Q16                0.851      0.014     62.963      0.000
    Q17                0.769      0.019     39.469      0.000
    Q19                0.822      0.016     52.082      0.000
    Q20                0.848      0.014     61.210      0.000

 SOCIAL   BY
    Q18                0.874      0.014     64.394      0.000
    Q21                0.827      0.017     49.692      0.000
    Q22                0.659      0.028     23.728      0.000
    Q23                0.647      0.029     22.619      0.000

 COGNITIV BY
    Q24                0.826      0.021     39.933      0.000
    Q25                0.801      0.022     37.013      0.000

 MOV_DIFF WITH
    BODY_PAIN          0.844      0.022     38.089      0.000

 USUAL_CA WITH
    BODY_PAIN          0.742      0.027     27.830      0.000
    MOV_DIFF           0.939      0.013     70.590      0.000

 ACTIVITI WITH
    BODY_PAIN          0.786      0.023     33.835      0.000
    MOV_DIFF           0.885      0.016     54.074      0.000
    USUAL_CARE         0.818      0.019     42.610      0.000

 SOCIAL   WITH
    BODY_PAIN          0.742      0.028     26.733      0.000
    MOV_DIFF           0.757      0.027     27.861      0.000
    USUAL_CARE         0.733      0.027     27.418      0.000
    ACTIVITIES         0.948      0.011     86.117      0.000

 COGNITIV WITH
    BODY_PAIN          0.724      0.033     21.808      0.000
    MOV_DIFF           0.797      0.028     28.606      0.000
    USUAL_CARE         0.717      0.031     23.422      0.000
    ACTIVITIES         0.882      0.020     44.644      0.000
    SOCIAL             0.838      0.025     34.057      0.000

 Intercepts
    Q1                 1.224      0.059     20.694      0.000
    Q2                 1.177      0.058     20.224      0.000
    Q3                 1.174      0.058     20.197      0.000
    Q4                 1.136      0.057     19.800      0.000
    Q5                 0.725      0.050     14.421      0.000
    Q6                 0.699      0.050     14.020      0.000
    Q7                 0.627      0.049     12.809      0.000
    Q8                 0.516      0.048     10.839      0.000
    Q9                 0.672      0.050     13.577      0.000
    Q10                0.508      0.048     10.699      0.000
    Q11                0.579      0.048     11.986      0.000
    Q12                0.989      0.055     18.117      0.000
    Q13                1.092      0.057     19.329      0.000
    Q14                0.557      0.048     11.590      0.000
    Q15                0.986      0.055     18.085      0.000
    Q16                0.633      0.049     12.919      0.000
    Q17                0.805      0.051     15.650      0.000
    Q18                0.738      0.050     14.637      0.000
    Q19                0.686      0.050     13.796      0.000
    Q20                0.901      0.053     16.988      0.000
    Q21                1.061      0.056     18.972      0.000
    Q22                0.693      0.050     13.913      0.000
    Q23                0.967      0.054     17.854      0.000
    Q24                0.752      0.051     14.844      0.000
    Q25                1.029      0.055     18.607      0.000

 Variances
    BODY_PAIN          1.000      0.000    999.000    999.000
    MOV_DIFF           1.000      0.000    999.000    999.000
    USUAL_CARE         1.000      0.000    999.000    999.000
    ACTIVITIES         1.000      0.000    999.000    999.000
    SOCIAL             1.000      0.000    999.000    999.000
    COGNITIVE          1.000      0.000    999.000    999.000

 Residual Variances
    Q1                 0.756      0.036     20.716      0.000
    Q2                 0.596      0.038     15.661      0.000
    Q3                 0.529      0.037     14.190      0.000
    Q4                 0.187      0.028      6.662      0.000
    Q5                 0.402      0.031     13.134      0.000
    Q6                 0.358      0.030     12.134      0.000
    Q7                 0.275      0.025     11.014      0.000
    Q8                 0.426      0.032     13.431      0.000
    Q9                 0.259      0.024     10.888      0.000
    Q10                0.362      0.029     12.519      0.000
    Q11                0.331      0.027     12.046      0.000
    Q12                0.393      0.029     13.389      0.000
    Q13                0.307      0.025     12.276      0.000
    Q14                0.291      0.026     11.368      0.000
    Q15                0.517      0.034     15.334      0.000
    Q16                0.275      0.023     11.962      0.000
    Q17                0.408      0.030     13.596      0.000
    Q18                0.237      0.024      9.976      0.000
    Q19                0.324      0.026     12.509      0.000
    Q20                0.281      0.024     11.935      0.000
    Q21                0.316      0.028     11.471      0.000
    Q22                0.566      0.037     15.444      0.000
    Q23                0.581      0.037     15.709      0.000
    Q24                0.318      0.034      9.303      0.000
    Q25                0.358      0.035     10.316      0.000


STDY Standardization

                                                    Two-Tailed
                    Estimate       S.E.  Est./S.E.    P-Value

 BODY_PAI BY
    Q1                 0.494      0.037     13.405      0.000
    Q2                 0.635      0.030     21.215      0.000
    Q3                 0.686      0.027     25.273      0.000
    Q4                 0.901      0.016     57.745      0.000

 MOV_DIFF BY
    Q5                 0.774      0.020     39.128      0.000
    Q6                 0.801      0.018     43.490      0.000
    Q7                 0.851      0.015     58.020      0.000

 USUAL_CA BY
    Q8                 0.758      0.021     36.249      0.000
    Q9                 0.861      0.014     62.238      0.000
    Q10                0.799      0.018     44.146      0.000
    Q11                0.818      0.017     48.643      0.000
    Q14                0.842      0.015     55.490      0.000

 ACTIVITI BY
    Q12                0.779      0.019     41.444      0.000
    Q13                0.832      0.015     55.403      0.000
    Q15                0.695      0.024     28.601      0.000
    Q16                0.851      0.014     62.963      0.000
    Q17                0.769      0.019     39.469      0.000
    Q19                0.822      0.016     52.082      0.000
    Q20                0.848      0.014     61.210      0.000

 SOCIAL   BY
    Q18                0.874      0.014     64.394      0.000
    Q21                0.827      0.017     49.692      0.000
    Q22                0.659      0.028     23.728      0.000
    Q23                0.647      0.029     22.619      0.000

 COGNITIV BY
    Q24                0.826      0.021     39.933      0.000
    Q25                0.801      0.022     37.013      0.000

 MOV_DIFF WITH
    BODY_PAIN          0.844      0.022     38.089      0.000

 USUAL_CA WITH
    BODY_PAIN          0.742      0.027     27.830      0.000
    MOV_DIFF           0.939      0.013     70.590      0.000

 ACTIVITI WITH
    BODY_PAIN          0.786      0.023     33.835      0.000
    MOV_DIFF           0.885      0.016     54.074      0.000
    USUAL_CARE         0.818      0.019     42.610      0.000

 SOCIAL   WITH
    BODY_PAIN          0.742      0.028     26.733      0.000
    MOV_DIFF           0.757      0.027     27.861      0.000
    USUAL_CARE         0.733      0.027     27.418      0.000
    ACTIVITIES         0.948      0.011     86.117      0.000

 COGNITIV WITH
    BODY_PAIN          0.724      0.033     21.808      0.000
    MOV_DIFF           0.797      0.028     28.606      0.000
    USUAL_CARE         0.717      0.031     23.422      0.000
    ACTIVITIES         0.882      0.020     44.644      0.000
    SOCIAL             0.838      0.025     34.057      0.000

 Intercepts
    Q1                 1.224      0.059     20.694      0.000
    Q2                 1.177      0.058     20.224      0.000
    Q3                 1.174      0.058     20.197      0.000
    Q4                 1.136      0.057     19.800      0.000
    Q5                 0.725      0.050     14.421      0.000
    Q6                 0.699      0.050     14.020      0.000
    Q7                 0.627      0.049     12.809      0.000
    Q8                 0.516      0.048     10.839      0.000
    Q9                 0.672      0.050     13.577      0.000
    Q10                0.508      0.048     10.699      0.000
    Q11                0.579      0.048     11.986      0.000
    Q12                0.989      0.055     18.117      0.000
    Q13                1.092      0.057     19.329      0.000
    Q14                0.557      0.048     11.590      0.000
    Q15                0.986      0.055     18.085      0.000
    Q16                0.633      0.049     12.919      0.000
    Q17                0.805      0.051     15.650      0.000
    Q18                0.738      0.050     14.637      0.000
    Q19                0.686      0.050     13.796      0.000
    Q20                0.901      0.053     16.988      0.000
    Q21                1.061      0.056     18.972      0.000
    Q22                0.693      0.050     13.913      0.000
    Q23                0.967      0.054     17.854      0.000
    Q24                0.752      0.051     14.844      0.000
    Q25                1.029      0.055     18.607      0.000

 Variances
    BODY_PAIN          1.000      0.000    999.000    999.000
    MOV_DIFF           1.000      0.000    999.000    999.000
    USUAL_CARE         1.000      0.000    999.000    999.000
    ACTIVITIES         1.000      0.000    999.000    999.000
    SOCIAL             1.000      0.000    999.000    999.000
    COGNITIVE          1.000      0.000    999.000    999.000

 Residual Variances
    Q1                 0.756      0.036     20.716      0.000
    Q2                 0.596      0.038     15.661      0.000
    Q3                 0.529      0.037     14.190      0.000
    Q4                 0.187      0.028      6.662      0.000
    Q5                 0.402      0.031     13.134      0.000
    Q6                 0.358      0.030     12.134      0.000
    Q7                 0.275      0.025     11.014      0.000
    Q8                 0.426      0.032     13.431      0.000
    Q9                 0.259      0.024     10.888      0.000
    Q10                0.362      0.029     12.519      0.000
    Q11                0.331      0.027     12.046      0.000
    Q12                0.393      0.029     13.389      0.000
    Q13                0.307      0.025     12.276      0.000
    Q14                0.291      0.026     11.368      0.000
    Q15                0.517      0.034     15.334      0.000
    Q16                0.275      0.023     11.962      0.000
    Q17                0.408      0.030     13.596      0.000
    Q18                0.237      0.024      9.976      0.000
    Q19                0.324      0.026     12.509      0.000
    Q20                0.281      0.024     11.935      0.000
    Q21                0.316      0.028     11.471      0.000
    Q22                0.566      0.037     15.444      0.000
    Q23                0.581      0.037     15.709      0.000
    Q24                0.318      0.034      9.303      0.000
    Q25                0.358      0.035     10.316      0.000


STD Standardization

                                                    Two-Tailed
                    Estimate       S.E.  Est./S.E.    P-Value

 BODY_PAI BY
    Q1                 0.562      0.050     11.127      0.000
    Q2                 0.719      0.048     15.051      0.000
    Q3                 0.795      0.048     16.612      0.000
    Q4                 0.962      0.039     24.435      0.000

 MOV_DIFF BY
    Q5                 0.713      0.035     20.176      0.000
    Q6                 0.680      0.032     21.105      0.000
    Q7                 0.682      0.029     23.266      0.000

 USUAL_CA BY
    Q8                 0.511      0.026     19.565      0.000
    Q9                 0.663      0.028     23.725      0.000
    Q10                0.556      0.026     21.143      0.000
    Q11                0.635      0.029     21.900      0.000
    Q14                0.662      0.029     22.905      0.000

 ACTIVITI BY
    Q12                0.880      0.043     20.553      0.000
    Q13                1.038      0.046     22.704      0.000
    Q15                0.834      0.048     17.521      0.000
    Q16                0.758      0.032     23.551      0.000
    Q17                0.888      0.044     20.171      0.000
    Q19                0.729      0.033     22.263      0.000
    Q20                0.987      0.042     23.389      0.000

 SOCIAL   BY
    Q18                0.992      0.041     24.153      0.000
    Q21                1.128      0.051     22.158      0.000
    Q22                0.740      0.046     15.998      0.000
    Q23                0.903      0.058     15.584      0.000

 COGNITIV BY
    Q24                0.809      0.038     21.022      0.000
    Q25                0.903      0.045     20.220      0.000

 MOV_DIFF WITH
    BODY_PAIN          0.844      0.022     38.089      0.000

 USUAL_CA WITH
    BODY_PAIN          0.742      0.027     27.830      0.000
    MOV_DIFF           0.939      0.013     70.590      0.000

 ACTIVITI WITH
    BODY_PAIN          0.786      0.023     33.835      0.000
    MOV_DIFF           0.885      0.016     54.074      0.000
    USUAL_CARE         0.818      0.019     42.610      0.000

 SOCIAL   WITH
    BODY_PAIN          0.742      0.028     26.733      0.000
    MOV_DIFF           0.757      0.027     27.861      0.000
    USUAL_CARE         0.733      0.027     27.418      0.000
    ACTIVITIES         0.948      0.011     86.117      0.000

 COGNITIV WITH
    BODY_PAIN          0.724      0.033     21.808      0.000
    MOV_DIFF           0.797      0.028     28.606      0.000
    USUAL_CARE         0.717      0.031     23.422      0.000
    ACTIVITIES         0.882      0.020     44.644      0.000
    SOCIAL             0.838      0.025     34.057      0.000

 Intercepts
    Q1                 1.390      0.051     27.367      0.000
    Q2                 1.332      0.051     26.308      0.000
    Q3                 1.360      0.052     26.247      0.000
    Q4                 1.212      0.048     25.393      0.000
    Q5                 0.668      0.041     16.204      0.000
    Q6                 0.594      0.038     15.641      0.000
    Q7                 0.502      0.036     14.009      0.000
    Q8                 0.348      0.030     11.537      0.000
    Q9                 0.518      0.034     15.033      0.000
    Q10                0.354      0.031     11.370      0.000
    Q11                0.450      0.035     12.953      0.000
    Q12                1.116      0.050     22.104      0.000
    Q13                1.362      0.056     24.423      0.000
    Q14                0.438      0.035     12.457      0.000
    Q15                1.184      0.054     22.046      0.000
    Q16                0.564      0.040     14.154      0.000
    Q17                0.930      0.052     18.011      0.000
    Q18                0.838      0.051     16.512      0.000
    Q19                0.608      0.040     15.331      0.000
    Q20                1.048      0.052     20.141      0.000
    Q21                1.446      0.061     23.714      0.000
    Q22                0.778      0.050     15.494      0.000
    Q23                1.350      0.062     21.631      0.000
    Q24                0.736      0.044     16.812      0.000
    Q25                1.160      0.050     23.013      0.000

 Variances
    BODY_PAIN          1.000      0.000    999.000    999.000
    MOV_DIFF           1.000      0.000    999.000    999.000
    USUAL_CARE         1.000      0.000    999.000    999.000
    ACTIVITIES         1.000      0.000    999.000    999.000
    SOCIAL             1.000      0.000    999.000    999.000
    COGNITIVE          1.000      0.000    999.000    999.000

 Residual Variances
    Q1                 0.975      0.064     15.119      0.000
    Q2                 0.764      0.053     14.364      0.000
    Q3                 0.710      0.051     13.870      0.000
    Q4                 0.214      0.030      7.066      0.000
    Q5                 0.341      0.024     14.128      0.000
    Q6                 0.258      0.019     13.295      0.000
    Q7                 0.177      0.014     12.456      0.000
    Q8                 0.194      0.014     14.216      0.000
    Q9                 0.154      0.012     12.395      0.000
    Q10                0.175      0.013     13.767      0.000
    Q11                0.200      0.015     13.434      0.000
    Q12                0.500      0.034     14.558      0.000
    Q13                0.477      0.034     14.014      0.000
    Q14                0.180      0.014     12.842      0.000
    Q15                0.746      0.049     15.088      0.000
    Q16                0.219      0.016     13.880      0.000
    Q17                0.544      0.037     14.629      0.000
    Q18                0.305      0.027     11.222      0.000
    Q19                0.255      0.018     14.161      0.000
    Q20                0.380      0.028     13.782      0.000
    Q21                0.587      0.046     12.776      0.000
    Q22                0.713      0.049     14.560      0.000
    Q23                1.132      0.078     14.581      0.000
    Q24                0.305      0.031      9.951      0.000
    Q25                0.455      0.041     11.003      0.000


R-SQUARE

    Observed                                        Two-Tailed
    Variable        Estimate       S.E.  Est./S.E.    P-Value

    Q1                 0.244      0.036      6.702      0.000
    Q2                 0.404      0.038     10.608      0.000
    Q3                 0.471      0.037     12.636      0.000
    Q4                 0.813      0.028     28.872      0.000
    Q5                 0.598      0.031     19.564      0.000
    Q6                 0.642      0.030     21.745      0.000
    Q7                 0.725      0.025     29.010      0.000
    Q8                 0.574      0.032     18.124      0.000
    Q9                 0.741      0.024     31.119      0.000
    Q10                0.638      0.029     22.073      0.000
    Q11                0.669      0.027     24.322      0.000
    Q12                0.607      0.029     20.722      0.000
    Q13                0.693      0.025     27.702      0.000
    Q14                0.709      0.026     27.745      0.000
    Q15                0.483      0.034     14.301      0.000
    Q16                0.725      0.023     31.482      0.000
    Q17                0.592      0.030     19.734      0.000
    Q18                0.763      0.024     32.197      0.000
    Q19                0.676      0.026     26.041      0.000
    Q20                0.719      0.024     30.605      0.000
    Q21                0.684      0.028     24.846      0.000
    Q22                0.434      0.037     11.864      0.000
    Q23                0.419      0.037     11.309      0.000
    Q24                0.682      0.034     19.967      0.000
    Q25                0.642      0.035     18.506      0.000


QUALITY OF NUMERICAL RESULTS

     Condition Number for the Information Matrix              0.182E-03
       (ratio of smallest to largest eigenvalue)


MODEL MODIFICATION INDICES

NOTE:  Modification indices for direct effects of observed dependent variables
regressed on covariates may not be included.  To include these, request
MODINDICES (ALL).

Minimum M.I. value for printing the modification index    10.000

                                   M.I.     E.P.C.  Std E.P.C.  StdYX E.P.C.

BY Statements

BODY_PAI BY Q12                   12.452     0.422      0.237        0.210
BODY_PAI BY Q17                   12.067    -0.431     -0.242       -0.210
BODY_PAI BY Q24                   25.446    -0.706     -0.396       -0.405
BODY_PAI BY Q25                   25.446     0.789      0.443        0.393
MOV_DIFF BY Q12                   45.798     0.812      0.579        0.513
MOV_DIFF BY Q15                   29.388    -0.773     -0.552       -0.459
MOV_DIFF BY Q17                   17.695    -0.524     -0.374       -0.324
MOV_DIFF BY Q18                   18.862     0.411      0.293        0.259
MOV_DIFF BY Q22                   10.713    -0.343     -0.245       -0.218
MOV_DIFF BY Q23                   23.788    -0.641     -0.457       -0.328
USUAL_CA BY Q12                   23.154     0.647      0.331        0.293
USUAL_CA BY Q15                   31.591    -0.897     -0.459       -0.382
USUAL_CA BY Q17                   12.664    -0.497     -0.254       -0.220
USUAL_CA BY Q18                   12.777     0.410      0.209        0.185
USUAL_CA BY Q19                   11.442     0.333      0.170        0.192
USUAL_CA BY Q23                   18.154    -0.705     -0.360       -0.258
ACTIVITI BY Q7                    11.902     0.255      0.225        0.280
ACTIVITI BY Q8                    10.456    -0.159     -0.140       -0.207
ACTIVITI BY Q14                   40.485     0.328      0.288        0.367
ACTIVITI BY Q18                   43.917     1.442      1.269        1.118
ACTIVITI BY Q22                   25.555    -1.109     -0.976       -0.869
ACTIVITI BY Q23                   37.375    -1.678     -1.476       -1.058
ACTIVITI BY Q24                   25.048     3.694      3.250        3.320
ACTIVITI BY Q25                   25.045    -4.126     -3.630       -3.221
SOCIAL   BY Q4                    11.201     0.268      0.266        0.249
SOCIAL   BY Q8                    12.033    -0.125     -0.124       -0.184
SOCIAL   BY Q9                    10.403    -0.115     -0.114       -0.148
SOCIAL   BY Q12                   40.557    -1.009     -1.000       -0.886
SOCIAL   BY Q14                   38.194     0.231      0.229        0.292
SOCIAL   BY Q15                   10.822     0.620      0.614        0.512
COGNITIV BY Q13                   12.312     0.480      0.388        0.311
COGNITIV BY Q14                   17.315     0.202      0.163        0.208
COGNITIV BY Q19                   10.174    -0.316     -0.255       -0.288

WITH Statements

Q2       WITH Q1                  36.431     0.251      0.251        0.290
Q7       WITH Q5                  10.242    -0.048     -0.048       -0.195
Q8       WITH Q1                  29.627     0.113      0.113        0.260
Q9       WITH Q1                  11.874    -0.068     -0.068       -0.174
Q11      WITH Q1                  10.493     0.070      0.070        0.159
Q11      WITH Q4                  14.196     0.052      0.052        0.251
Q11      WITH Q8                  10.846     0.034      0.034        0.173
Q12      WITH Q3                  21.964     0.136      0.136        0.228
Q12      WITH Q6                  25.278     0.089      0.089        0.248
Q12      WITH Q9                  30.476     0.079      0.079        0.284
Q12      WITH Q11                 14.009    -0.059     -0.059       -0.186
Q13      WITH Q1                  12.617    -0.116     -0.116       -0.170
Q13      WITH Q3                  20.299     0.130      0.130        0.223
Q13      WITH Q8                  17.171    -0.062     -0.062       -0.204
Q13      WITH Q12                 66.448     0.198      0.198        0.404
Q14      WITH Q3                  10.757    -0.060     -0.060       -0.169
Q14      WITH Q6                  18.563    -0.049     -0.049       -0.228
Q15      WITH Q8                  13.349    -0.066     -0.066       -0.175
Q15      WITH Q13                 12.077     0.101      0.101        0.169
Q16      WITH Q14                 19.589     0.046      0.046        0.230
Q17      WITH Q12                 27.721    -0.133     -0.133       -0.254
Q18      WITH Q13                 11.921    -0.073     -0.073       -0.192
Q18      WITH Q16                 36.409     0.088      0.088        0.340
Q19      WITH Q3                  22.297    -0.099     -0.099       -0.233
Q19      WITH Q12                 13.809    -0.065     -0.065       -0.183
Q19      WITH Q13                 29.242    -0.095     -0.095       -0.274
Q19      WITH Q14                 20.162     0.049      0.049        0.230
Q20      WITH Q7                  16.988    -0.056     -0.056       -0.217
Q20      WITH Q11                 15.403     0.055      0.055        0.200
Q20      WITH Q13                 28.201    -0.117     -0.117       -0.274
Q20      WITH Q16                 10.456    -0.049     -0.049       -0.169
Q20      WITH Q17                 49.931     0.160      0.160        0.353
Q20      WITH Q19                 47.194     0.109      0.109        0.352
Q21      WITH Q1                  14.401    -0.143     -0.143       -0.189
Q21      WITH Q4                  12.251     0.086      0.086        0.244
Q21      WITH Q9                  10.907     0.054      0.054        0.181
Q21      WITH Q13                 45.146     0.187      0.187        0.352
Q21      WITH Q15                 10.939     0.110      0.110        0.166
Q21      WITH Q16                 13.778    -0.071     -0.071       -0.197
Q21      WITH Q18                 22.090    -0.152     -0.152       -0.359
Q21      WITH Q19                 17.113    -0.083     -0.083       -0.216
Q22      WITH Q12                 14.480    -0.109     -0.109       -0.182
Q23      WITH Q12                 11.091    -0.120     -0.120       -0.159
Q23      WITH Q22                 98.263     0.427      0.427        0.475
Q25      WITH Q3                  29.803     0.167      0.167        0.294
Q25      WITH Q12                 12.376     0.089      0.089        0.187
Q25      WITH Q13                 15.009     0.098      0.098        0.211


     Beginning Time:  16:57:47
        Ending Time:  16:57:47
       Elapsed Time:  00:00:00



MUTHEN & MUTHEN
3463 Stoner Ave.
Los Angeles, CA  90066

Tel: (310) 391-9971
Fax: (310) 391-8971
Web: www.StatModel.com
Support: Support@StatModel.com

Copyright (c) 1998-2019 Muthen & Muthen
